0 info it worked if it ends with ok
1 verbose cli [ '/usr/bin/nodejs',
1 verbose cli   '/usr/bin/npm',
1 verbose cli   'install',
1 verbose cli   'passport.socketio' ]
2 info using npm@3.5.2
3 info using node@v4.2.6
4 silly loadCurrentTree Starting
5 silly install loadCurrentTree
6 silly install readLocalPackageData
7 silly fetchPackageMetaData passport.socketio
8 silly fetchNamedPackageData passport.socketio
9 silly mapToRegistry name passport.socketio
10 silly mapToRegistry using default registry
11 silly mapToRegistry registry http://registry.npmjs.org/
12 silly mapToRegistry uri http://registry.npmjs.org/passport.socketio
13 verbose request uri http://registry.npmjs.org/passport.socketio
14 verbose request no auth needed
15 info attempt registry request try #1 at 10:18:48 PM
16 verbose request using bearer token for auth
17 verbose request id 30635fbd5f22ac8c
18 verbose etag W/"582fad9f-ae6d"
19 verbose lastModified Sat, 19 Nov 2016 01:40:47 GMT
20 http request GET http://registry.npmjs.org/passport.socketio
21 http 304 http://registry.npmjs.org/passport.socketio
22 verbose headers { server: 'nginx/1.10.1',
22 verbose headers   'last-modified': 'Sat, 19 Nov 2016 01:40:47 GMT',
22 verbose headers   etag: '"582fad9f-ae6d"',
22 verbose headers   'cache-control': 'max-age=300',
22 verbose headers   'accept-ranges': 'bytes',
22 verbose headers   date: 'Sun, 09 Jul 2017 19:18:59 GMT',
22 verbose headers   via: '1.1 varnish',
22 verbose headers   connection: 'keep-alive',
22 verbose headers   'x-served-by': 'cache-hhn1535-HHN',
22 verbose headers   'x-cache': 'MISS',
22 verbose headers   'x-cache-hits': '0',
22 verbose headers   'x-timer': 'S1499627939.324357,VS0,VE1',
22 verbose headers   vary: 'Accept-Encoding, Accept' }
23 silly get cb [ 304,
23 silly get   { server: 'nginx/1.10.1',
23 silly get     'last-modified': 'Sat, 19 Nov 2016 01:40:47 GMT',
23 silly get     etag: '"582fad9f-ae6d"',
23 silly get     'cache-control': 'max-age=300',
23 silly get     'accept-ranges': 'bytes',
23 silly get     date: 'Sun, 09 Jul 2017 19:18:59 GMT',
23 silly get     via: '1.1 varnish',
23 silly get     connection: 'keep-alive',
23 silly get     'x-served-by': 'cache-hhn1535-HHN',
23 silly get     'x-cache': 'MISS',
23 silly get     'x-cache-hits': '0',
23 silly get     'x-timer': 'S1499627939.324357,VS0,VE1',
23 silly get     vary: 'Accept-Encoding, Accept' } ]
24 verbose etag http://registry.npmjs.org/passport.socketio from cache
25 verbose get saving passport.socketio to /home/moar/.npm/registry.npmjs.org/passport.socketio/.cache.json
26 silly install normalizeTree
27 silly loadCurrentTree Finishing
28 silly loadIdealTree Starting
29 silly install loadIdealTree
30 silly cloneCurrentTree Starting
31 silly install cloneCurrentTreeToIdealTree
32 silly cloneCurrentTree Finishing
33 silly loadShrinkwrap Starting
34 silly install loadShrinkwrap
35 silly loadShrinkwrap Finishing
36 silly loadAllDepsIntoIdealTree Starting
37 silly install loadAllDepsIntoIdealTree
38 silly resolveWithNewModule passport.socketio@3.7.0 checking installable status
39 silly cache add args [ 'passport.socketio', null ]
40 verbose cache add spec passport.socketio
41 silly cache add parsed spec Result {
41 silly cache add   raw: 'passport.socketio',
41 silly cache add   scope: null,
41 silly cache add   name: 'passport.socketio',
41 silly cache add   rawSpec: '',
41 silly cache add   spec: 'latest',
41 silly cache add   type: 'tag' }
42 silly addNamed passport.socketio@latest
43 verbose addNamed "latest" is being treated as a dist-tag for passport.socketio
44 info addNameTag [ 'passport.socketio', 'latest' ]
45 silly mapToRegistry name passport.socketio
46 silly mapToRegistry using default registry
47 silly mapToRegistry registry http://registry.npmjs.org/
48 silly mapToRegistry uri http://registry.npmjs.org/passport.socketio
49 verbose addNameTag registry:http://registry.npmjs.org/passport.socketio not in flight; fetching
50 verbose get http://registry.npmjs.org/passport.socketio not expired, no request
51 silly addNameTag next cb for passport.socketio with tag latest
52 silly addNamed passport.socketio@3.7.0
53 verbose addNamed "3.7.0" is a plain semver version for passport.socketio
54 silly cache afterAdd passport.socketio@3.7.0
55 verbose afterAdd /home/moar/.npm/passport.socketio/3.7.0/package/package.json not in flight; writing
56 verbose afterAdd /home/moar/.npm/passport.socketio/3.7.0/package/package.json written
57 silly fetchNamedPackageData fsevents
58 silly mapToRegistry name fsevents
59 silly mapToRegistry using default registry
60 silly mapToRegistry registry http://registry.npmjs.org/
61 silly mapToRegistry uri http://registry.npmjs.org/fsevents
62 verbose request uri http://registry.npmjs.org/fsevents
63 verbose request no auth needed
64 info attempt registry request try #1 at 10:18:49 PM
65 verbose request using bearer token for auth
66 verbose etag W/"595a4ef8-dcd1"
67 verbose lastModified Mon, 03 Jul 2017 14:04:40 GMT
68 http request GET http://registry.npmjs.org/fsevents
69 http 304 http://registry.npmjs.org/fsevents
70 verbose headers { server: 'nginx/1.10.1',
70 verbose headers   'last-modified': 'Mon, 03 Jul 2017 14:04:40 GMT',
70 verbose headers   etag: '"595a4ef8-dcd1"',
70 verbose headers   'cache-control': 'max-age=300',
70 verbose headers   'accept-ranges': 'bytes',
70 verbose headers   date: 'Sun, 09 Jul 2017 19:19:00 GMT',
70 verbose headers   via: '1.1 varnish',
70 verbose headers   connection: 'keep-alive',
70 verbose headers   'x-served-by': 'cache-hhn1535-HHN',
70 verbose headers   'x-cache': 'MISS',
70 verbose headers   'x-cache-hits': '0',
70 verbose headers   'x-timer': 'S1499627940.306340,VS0,VE24',
70 verbose headers   vary: 'Accept-Encoding, Accept' }
71 silly get cb [ 304,
71 silly get   { server: 'nginx/1.10.1',
71 silly get     'last-modified': 'Mon, 03 Jul 2017 14:04:40 GMT',
71 silly get     etag: '"595a4ef8-dcd1"',
71 silly get     'cache-control': 'max-age=300',
71 silly get     'accept-ranges': 'bytes',
71 silly get     date: 'Sun, 09 Jul 2017 19:19:00 GMT',
71 silly get     via: '1.1 varnish',
71 silly get     connection: 'keep-alive',
71 silly get     'x-served-by': 'cache-hhn1535-HHN',
71 silly get     'x-cache': 'MISS',
71 silly get     'x-cache-hits': '0',
71 silly get     'x-timer': 'S1499627940.306340,VS0,VE24',
71 silly get     vary: 'Accept-Encoding, Accept' } ]
72 verbose etag http://registry.npmjs.org/fsevents from cache
73 verbose get saving fsevents to /home/moar/.npm/registry.npmjs.org/fsevents/.cache.json
74 silly resolveWithNewModule fsevents@1.1.2 checking installable status
75 silly loadAllDepsIntoIdealTree Finishing
76 silly idealTree:prePrune exxon-quiz@0.0.1
76 silly idealTree:prePrune ├── abbrev@1.1.0
76 silly idealTree:prePrune ├── accepts@1.3.3
76 silly idealTree:prePrune ├── align-text@0.1.4
76 silly idealTree:prePrune ├── amdefine@1.0.1
76 silly idealTree:prePrune ├── ansi-regex@2.1.1
76 silly idealTree:prePrune ├── ansi-styles@2.2.1
76 silly idealTree:prePrune ├── anymatch@1.3.0
76 silly idealTree:prePrune ├── archy@1.0.0
76 silly idealTree:prePrune ├── arr-diff@2.0.0
76 silly idealTree:prePrune ├── arr-flatten@1.0.3
76 silly idealTree:prePrune ├── array-differ@1.0.0
76 silly idealTree:prePrune ├── array-each@1.0.1
76 silly idealTree:prePrune ├── array-flatten@1.1.1
76 silly idealTree:prePrune ├── array-slice@1.0.0
76 silly idealTree:prePrune ├── array-uniq@1.0.3
76 silly idealTree:prePrune ├── array-unique@0.2.1
76 silly idealTree:prePrune ├── arrify@1.0.1
76 silly idealTree:prePrune ├── asap@2.0.5
76 silly idealTree:prePrune ├── assertion-error@1.0.2
76 silly idealTree:prePrune ├── async-each-series@1.1.0
76 silly idealTree:prePrune ├── async-each@1.0.1
76 silly idealTree:prePrune ├── async@2.4.1
76 silly idealTree:prePrune ├── balanced-match@0.4.2
76 silly idealTree:prePrune ├── basic-auth@1.1.0
76 silly idealTree:prePrune ├── beeper@1.1.1
76 silly idealTree:prePrune ├── binary-extensions@1.8.0
76 silly idealTree:prePrune ├── bluebird@2.10.2
76 silly idealTree:prePrune ├── body-parser@1.17.2
76 silly idealTree:prePrune ├── brace-expansion@1.1.7
76 silly idealTree:prePrune ├── braces@1.8.5
76 silly idealTree:prePrune ├── browser-stdout@1.3.0
76 silly idealTree:prePrune ├── bson@1.0.4
76 silly idealTree:prePrune ├── buffer-shims@1.0.0
76 silly idealTree:prePrune ├── bytes@2.4.0
76 silly idealTree:prePrune ├── camelcase@1.2.1
76 silly idealTree:prePrune ├── center-align@0.1.3
76 silly idealTree:prePrune ├── chai@3.5.0
76 silly idealTree:prePrune ├── chalk@1.1.3
76 silly idealTree:prePrune ├── chokidar@1.7.0
76 silly idealTree:prePrune ├─┬ cliui@2.1.0
76 silly idealTree:prePrune │ └── wordwrap@0.0.2
76 silly idealTree:prePrune ├── clone-stats@0.0.1
76 silly idealTree:prePrune ├── clone@1.0.2
76 silly idealTree:prePrune ├── colors@1.1.2
76 silly idealTree:prePrune ├── combined-stream@1.0.5
76 silly idealTree:prePrune ├── commander@2.9.0
76 silly idealTree:prePrune ├── component-emitter@1.2.1
76 silly idealTree:prePrune ├── compressible@2.0.10
76 silly idealTree:prePrune ├─┬ compression@1.6.2
76 silly idealTree:prePrune │ ├── bytes@2.3.0
76 silly idealTree:prePrune │ ├── debug@2.2.0
76 silly idealTree:prePrune │ └── ms@0.7.1
76 silly idealTree:prePrune ├── concat-map@0.0.1
76 silly idealTree:prePrune ├─┬ configstore@1.4.0
76 silly idealTree:prePrune │ └── object-assign@4.1.1
76 silly idealTree:prePrune ├─┬ connect-mongo@1.3.2
76 silly idealTree:prePrune │ └── bluebird@3.5.0
76 silly idealTree:prePrune ├── connect-mongodb-session@1.3.0
76 silly idealTree:prePrune ├── connect-redis@3.3.0
76 silly idealTree:prePrune ├── content-disposition@0.5.2
76 silly idealTree:prePrune ├── content-type@1.0.2
76 silly idealTree:prePrune ├── cookie-parser@1.4.3
76 silly idealTree:prePrune ├── cookie-signature@1.0.6
76 silly idealTree:prePrune ├── cookie@0.3.1
76 silly idealTree:prePrune ├── cookiejar@2.1.1
76 silly idealTree:prePrune ├── core-util-is@1.0.2
76 silly idealTree:prePrune ├── crc@3.4.4
76 silly idealTree:prePrune ├── dateformat@2.0.0
76 silly idealTree:prePrune ├── debug@2.6.7
76 silly idealTree:prePrune ├── decamelize@1.2.0
76 silly idealTree:prePrune ├─┬ deep-eql@0.1.3
76 silly idealTree:prePrune │ └── type-detect@0.1.1
76 silly idealTree:prePrune ├── deep-extend@0.4.2
76 silly idealTree:prePrune ├── defaults@1.0.3
76 silly idealTree:prePrune ├── define-properties@1.1.2
76 silly idealTree:prePrune ├── delayed-stream@1.0.0
76 silly idealTree:prePrune ├── depd@1.1.0
76 silly idealTree:prePrune ├── deprecated@0.0.1
76 silly idealTree:prePrune ├── destroy@1.0.4
76 silly idealTree:prePrune ├── detect-file@0.1.0
76 silly idealTree:prePrune ├── diff@3.2.0
76 silly idealTree:prePrune ├── double-ended-queue@2.1.0-0
76 silly idealTree:prePrune ├── duplexer@0.1.1
76 silly idealTree:prePrune ├─┬ duplexer2@0.0.2
76 silly idealTree:prePrune │ ├── isarray@0.0.1
76 silly idealTree:prePrune │ ├── readable-stream@1.1.14
76 silly idealTree:prePrune │ └── string_decoder@0.10.31
76 silly idealTree:prePrune ├─┬ duplexify@3.5.0
76 silly idealTree:prePrune │ ├── end-of-stream@1.0.0
76 silly idealTree:prePrune │ └── once@1.3.3
76 silly idealTree:prePrune ├── ee-first@1.1.1
76 silly idealTree:prePrune ├── encodeurl@1.0.1
76 silly idealTree:prePrune ├─┬ end-of-stream@0.1.5
76 silly idealTree:prePrune │ └── once@1.3.3
76 silly idealTree:prePrune ├── es6-promise@3.2.1
76 silly idealTree:prePrune ├── escape-html@1.0.3
76 silly idealTree:prePrune ├── escape-string-regexp@1.0.5
76 silly idealTree:prePrune ├── etag@1.8.0
76 silly idealTree:prePrune ├── event-stream@3.3.4
76 silly idealTree:prePrune ├── expand-brackets@0.1.5
76 silly idealTree:prePrune ├── expand-range@1.8.2
76 silly idealTree:prePrune ├── expand-tilde@1.2.2
76 silly idealTree:prePrune ├── express-handlebars@3.0.0
76 silly idealTree:prePrune ├── express-session@1.15.3
76 silly idealTree:prePrune ├── express@4.15.3
76 silly idealTree:prePrune ├── extend@3.0.1
76 silly idealTree:prePrune ├── extglob@0.3.2
76 silly idealTree:prePrune ├── fancy-log@1.3.0
76 silly idealTree:prePrune ├── faye-websocket@0.7.3
76 silly idealTree:prePrune ├── filename-regex@2.0.1
76 silly idealTree:prePrune ├── fill-range@2.2.3
76 silly idealTree:prePrune ├── finalhandler@1.0.3
76 silly idealTree:prePrune ├── find-index@0.1.1
76 silly idealTree:prePrune ├── findup-sync@0.4.3
76 silly idealTree:prePrune ├─┬ fined@1.1.0
76 silly idealTree:prePrune │ └── expand-tilde@2.0.2
76 silly idealTree:prePrune ├── first-chunk-stream@1.0.0
76 silly idealTree:prePrune ├── flagged-respawn@0.3.2
76 silly idealTree:prePrune ├── for-in@1.0.2
76 silly idealTree:prePrune ├── for-own@0.1.5
76 silly idealTree:prePrune ├── foreach@2.0.5
76 silly idealTree:prePrune ├─┬ form-data@1.0.0-rc4
76 silly idealTree:prePrune │ └── async@1.5.2
76 silly idealTree:prePrune ├── formidable@1.1.1
76 silly idealTree:prePrune ├── forwarded@0.1.0
76 silly idealTree:prePrune ├── fresh@0.5.0
76 silly idealTree:prePrune ├── from@0.1.7
76 silly idealTree:prePrune ├── fs-exists-sync@0.1.0
76 silly idealTree:prePrune ├── fs.realpath@1.0.0
76 silly idealTree:prePrune ├── function-bind@1.1.0
76 silly idealTree:prePrune ├── gaze@0.5.2
76 silly idealTree:prePrune ├── glob-base@0.3.0
76 silly idealTree:prePrune ├── glob-parent@2.0.0
76 silly idealTree:prePrune ├─┬ glob-stream@3.1.18
76 silly idealTree:prePrune │ ├── glob@4.5.3
76 silly idealTree:prePrune │ ├── isarray@0.0.1
76 silly idealTree:prePrune │ ├── minimatch@2.0.10
76 silly idealTree:prePrune │ ├── readable-stream@1.0.34
76 silly idealTree:prePrune │ ├── string_decoder@0.10.31
76 silly idealTree:prePrune │ └── through2@0.6.5
76 silly idealTree:prePrune ├── glob-watcher@0.0.6
76 silly idealTree:prePrune ├── glob@6.0.4
76 silly idealTree:prePrune ├── glob2base@0.0.12
76 silly idealTree:prePrune ├── global-modules@0.2.3
76 silly idealTree:prePrune ├── global-prefix@0.1.5
76 silly idealTree:prePrune ├─┬ globule@0.1.0
76 silly idealTree:prePrune │ ├── glob@3.1.21
76 silly idealTree:prePrune │ ├── graceful-fs@1.2.3
76 silly idealTree:prePrune │ ├── inherits@1.0.2
76 silly idealTree:prePrune │ ├── lodash@1.0.2
76 silly idealTree:prePrune │ └── minimatch@0.2.14
76 silly idealTree:prePrune ├── glogg@1.0.0
76 silly idealTree:prePrune ├── got@3.3.1
76 silly idealTree:prePrune ├── graceful-fs@4.1.11
76 silly idealTree:prePrune ├── graceful-readlink@1.0.1
76 silly idealTree:prePrune ├── growl@1.9.2
76 silly idealTree:prePrune ├── gulp-exit@0.0.2
76 silly idealTree:prePrune ├─┬ gulp-livereload@3.8.1
76 silly idealTree:prePrune │ ├── ansi-regex@0.2.1
76 silly idealTree:prePrune │ ├── ansi-styles@1.1.0
76 silly idealTree:prePrune │ ├── chalk@0.5.1
76 silly idealTree:prePrune │ ├── has-ansi@0.1.0
76 silly idealTree:prePrune │ ├── strip-ansi@0.3.0
76 silly idealTree:prePrune │ └── supports-color@0.2.0
76 silly idealTree:prePrune ├── gulp-nodemon@2.2.1
76 silly idealTree:prePrune ├── gulp-plumber@1.1.0
76 silly idealTree:prePrune ├─┬ gulp-util@3.0.8
76 silly idealTree:prePrune │ └── minimist@1.2.0
76 silly idealTree:prePrune ├─┬ gulp@3.9.1
76 silly idealTree:prePrune │ ├── minimist@1.2.0
76 silly idealTree:prePrune │ └── semver@4.3.6
76 silly idealTree:prePrune ├── gulplog@1.0.0
76 silly idealTree:prePrune ├─┬ handlebars@4.0.10
76 silly idealTree:prePrune │ └── async@1.5.2
76 silly idealTree:prePrune ├── has-ansi@2.0.0
76 silly idealTree:prePrune ├── has-flag@1.0.0
76 silly idealTree:prePrune ├── has-gulplog@0.1.0
76 silly idealTree:prePrune ├── homedir-polyfill@1.0.1
76 silly idealTree:prePrune ├── hooks-fixed@2.0.0
76 silly idealTree:prePrune ├── http-errors@1.6.1
76 silly idealTree:prePrune ├── iconv-lite@0.4.15
76 silly idealTree:prePrune ├── ignore-by-default@1.0.1
76 silly idealTree:prePrune ├── imurmurhash@0.1.4
76 silly idealTree:prePrune ├── infinity-agent@2.0.3
76 silly idealTree:prePrune ├── inflight@1.0.6
76 silly idealTree:prePrune ├── inherits@2.0.3
76 silly idealTree:prePrune ├── ini@1.3.4
76 silly idealTree:prePrune ├── interpret@1.0.3
76 silly idealTree:prePrune ├── ipaddr.js@1.3.0
76 silly idealTree:prePrune ├── is-absolute@0.2.6
76 silly idealTree:prePrune ├── is-binary-path@1.0.1
76 silly idealTree:prePrune ├── is-buffer@1.1.5
76 silly idealTree:prePrune ├── is-dotfile@1.0.3
76 silly idealTree:prePrune ├── is-equal-shallow@0.1.3
76 silly idealTree:prePrune ├── is-extendable@0.1.1
76 silly idealTree:prePrune ├── is-extglob@1.0.0
76 silly idealTree:prePrune ├── is-finite@1.0.2
76 silly idealTree:prePrune ├── is-glob@2.0.1
76 silly idealTree:prePrune ├── is-npm@1.0.0
76 silly idealTree:prePrune ├── is-number@2.1.0
76 silly idealTree:prePrune ├─┬ is-plain-object@2.0.3
76 silly idealTree:prePrune │ └── isobject@3.0.1
76 silly idealTree:prePrune ├── is-posix-bracket@0.1.1
76 silly idealTree:prePrune ├── is-primitive@2.0.0
76 silly idealTree:prePrune ├── is-redirect@1.0.0
76 silly idealTree:prePrune ├── is-relative@0.2.1
76 silly idealTree:prePrune ├── is-stream@1.1.0
76 silly idealTree:prePrune ├── is-unc-path@0.1.2
76 silly idealTree:prePrune ├── is-utf8@0.2.1
76 silly idealTree:prePrune ├── is-windows@0.2.0
76 silly idealTree:prePrune ├── isarray@1.0.0
76 silly idealTree:prePrune ├── isexe@2.0.0
76 silly idealTree:prePrune ├── isobject@2.1.0
76 silly idealTree:prePrune ├── json3@3.3.2
76 silly idealTree:prePrune ├── kareem@1.4.1
76 silly idealTree:prePrune ├── kind-of@3.2.2
76 silly idealTree:prePrune ├── latest-version@1.0.1
76 silly idealTree:prePrune ├── lazy-cache@1.0.4
76 silly idealTree:prePrune ├── liftoff@2.3.0
76 silly idealTree:prePrune ├── livereload-js@2.2.2
76 silly idealTree:prePrune ├── lodash._baseassign@3.2.0
76 silly idealTree:prePrune ├── lodash._basecopy@3.0.1
76 silly idealTree:prePrune ├── lodash._basecreate@3.0.3
76 silly idealTree:prePrune ├── lodash._basetostring@3.0.1
76 silly idealTree:prePrune ├── lodash._basevalues@3.0.0
76 silly idealTree:prePrune ├── lodash._bindcallback@3.0.1
76 silly idealTree:prePrune ├── lodash._createassigner@3.1.1
76 silly idealTree:prePrune ├── lodash._getnative@3.9.1
76 silly idealTree:prePrune ├── lodash._isiterateecall@3.0.9
76 silly idealTree:prePrune ├── lodash._reescape@3.0.0
76 silly idealTree:prePrune ├── lodash._reevaluate@3.0.0
76 silly idealTree:prePrune ├── lodash._reinterpolate@3.0.0
76 silly idealTree:prePrune ├── lodash._root@3.0.1
76 silly idealTree:prePrune ├── lodash.assign@3.2.0
76 silly idealTree:prePrune ├── lodash.create@3.1.1
76 silly idealTree:prePrune ├── lodash.defaults@3.1.2
76 silly idealTree:prePrune ├── lodash.escape@3.2.0
76 silly idealTree:prePrune ├── lodash.isarguments@3.1.0
76 silly idealTree:prePrune ├── lodash.isarray@3.0.4
76 silly idealTree:prePrune ├── lodash.isplainobject@4.0.6
76 silly idealTree:prePrune ├── lodash.isstring@4.0.1
76 silly idealTree:prePrune ├── lodash.keys@3.1.2
76 silly idealTree:prePrune ├── lodash.mapvalues@4.6.0
76 silly idealTree:prePrune ├── lodash.restparam@3.6.1
76 silly idealTree:prePrune ├── lodash.template@3.6.2
76 silly idealTree:prePrune ├── lodash.templatesettings@3.1.1
76 silly idealTree:prePrune ├── lodash@4.17.4
76 silly idealTree:prePrune ├── longest@1.0.1
76 silly idealTree:prePrune ├── lowercase-keys@1.0.0
76 silly idealTree:prePrune ├── lru-cache@2.7.3
76 silly idealTree:prePrune ├── map-cache@0.2.2
76 silly idealTree:prePrune ├── map-stream@0.1.0
76 silly idealTree:prePrune ├── media-typer@0.3.0
76 silly idealTree:prePrune ├── merge-descriptors@1.0.1
76 silly idealTree:prePrune ├─┬ method-override@2.3.9
76 silly idealTree:prePrune │ └── debug@2.6.8
76 silly idealTree:prePrune ├── methods@1.1.2
76 silly idealTree:prePrune ├── micromatch@2.3.11
76 silly idealTree:prePrune ├── mime-db@1.27.0
76 silly idealTree:prePrune ├── mime-types@2.1.15
76 silly idealTree:prePrune ├── mime@1.3.4
76 silly idealTree:prePrune ├─┬ mini-lr@0.1.9
76 silly idealTree:prePrune │ ├─┬ body-parser@1.14.2
76 silly idealTree:prePrune │ │ ├── debug@2.2.0
76 silly idealTree:prePrune │ │ └── qs@5.2.0
76 silly idealTree:prePrune │ ├── bytes@2.2.0
76 silly idealTree:prePrune │ ├── http-errors@1.3.1
76 silly idealTree:prePrune │ ├── iconv-lite@0.4.13
76 silly idealTree:prePrune │ ├── ms@0.7.1
76 silly idealTree:prePrune │ ├── qs@2.2.5
76 silly idealTree:prePrune │ └─┬ raw-body@2.1.7
76 silly idealTree:prePrune │   └── bytes@2.4.0
76 silly idealTree:prePrune ├── minimatch@3.0.4
76 silly idealTree:prePrune ├── minimist@0.0.10
76 silly idealTree:prePrune ├─┬ mkdirp@0.5.1
76 silly idealTree:prePrune │ └── minimist@0.0.8
76 silly idealTree:prePrune ├─┬ mocha@3.4.2
76 silly idealTree:prePrune │ ├── debug@2.6.0
76 silly idealTree:prePrune │ ├── glob@7.1.1
76 silly idealTree:prePrune │ ├── ms@0.7.2
76 silly idealTree:prePrune │ └── supports-color@3.1.2
76 silly idealTree:prePrune ├── mongodb-core@2.1.14
76 silly idealTree:prePrune ├── mongodb@2.2.30
76 silly idealTree:prePrune ├── mongoose-sequence@3.2.0
76 silly idealTree:prePrune ├─┬ mongoose@4.11.1
76 silly idealTree:prePrune │ ├── async@2.1.4
76 silly idealTree:prePrune │ ├── mongodb-core@2.1.11
76 silly idealTree:prePrune │ └── mongodb@2.2.27
76 silly idealTree:prePrune ├─┬ morgan@1.8.2
76 silly idealTree:prePrune │ └── debug@2.6.8
76 silly idealTree:prePrune ├── mpath@0.3.0
76 silly idealTree:prePrune ├── mpromise@0.5.5
76 silly idealTree:prePrune ├─┬ mquery@2.3.1
76 silly idealTree:prePrune │ ├── debug@2.6.8
76 silly idealTree:prePrune │ └── sliced@0.0.5
76 silly idealTree:prePrune ├── ms@2.0.0
76 silly idealTree:prePrune ├── multipipe@0.1.2
76 silly idealTree:prePrune ├── muri@1.2.1
76 silly idealTree:prePrune ├── natives@1.1.0
76 silly idealTree:prePrune ├── negotiator@0.6.1
76 silly idealTree:prePrune ├── nested-error-stacks@1.0.2
76 silly idealTree:prePrune ├── nodemon@1.11.0
76 silly idealTree:prePrune ├── nopt@1.0.10
76 silly idealTree:prePrune ├── normalize-path@2.1.1
76 silly idealTree:prePrune ├── number-is-nan@1.0.1
76 silly idealTree:prePrune ├─┬ nyc@10.3.2
76 silly idealTree:prePrune │ ├── align-text@0.1.4
76 silly idealTree:prePrune │ ├── amdefine@1.0.1
76 silly idealTree:prePrune │ ├── ansi-regex@2.1.1
76 silly idealTree:prePrune │ ├── ansi-styles@2.2.1
76 silly idealTree:prePrune │ ├── append-transform@0.4.0
76 silly idealTree:prePrune │ ├── archy@1.0.0
76 silly idealTree:prePrune │ ├── arr-diff@2.0.0
76 silly idealTree:prePrune │ ├── arr-flatten@1.0.3
76 silly idealTree:prePrune │ ├── array-unique@0.2.1
76 silly idealTree:prePrune │ ├── arrify@1.0.1
76 silly idealTree:prePrune │ ├── async@1.5.2
76 silly idealTree:prePrune │ ├── babel-code-frame@6.22.0
76 silly idealTree:prePrune │ ├── babel-generator@6.24.1
76 silly idealTree:prePrune │ ├── babel-messages@6.23.0
76 silly idealTree:prePrune │ ├── babel-runtime@6.23.0
76 silly idealTree:prePrune │ ├── babel-template@6.24.1
76 silly idealTree:prePrune │ ├── babel-traverse@6.24.1
76 silly idealTree:prePrune │ ├── babel-types@6.24.1
76 silly idealTree:prePrune │ ├── babylon@6.17.0
76 silly idealTree:prePrune │ ├── balanced-match@0.4.2
76 silly idealTree:prePrune │ ├── brace-expansion@1.1.7
76 silly idealTree:prePrune │ ├── braces@1.8.5
76 silly idealTree:prePrune │ ├── builtin-modules@1.1.1
76 silly idealTree:prePrune │ ├── caching-transform@1.0.1
76 silly idealTree:prePrune │ ├── camelcase@1.2.1
76 silly idealTree:prePrune │ ├── center-align@0.1.3
76 silly idealTree:prePrune │ ├── chalk@1.1.3
76 silly idealTree:prePrune │ ├─┬ cliui@2.1.0
76 silly idealTree:prePrune │ │ └── wordwrap@0.0.2
76 silly idealTree:prePrune │ ├── code-point-at@1.1.0
76 silly idealTree:prePrune │ ├── commondir@1.0.1
76 silly idealTree:prePrune │ ├── concat-map@0.0.1
76 silly idealTree:prePrune │ ├── convert-source-map@1.5.0
76 silly idealTree:prePrune │ ├── core-js@2.4.1
76 silly idealTree:prePrune │ ├── cross-spawn@4.0.2
76 silly idealTree:prePrune │ ├── debug-log@1.0.1
76 silly idealTree:prePrune │ ├── debug@2.6.6
76 silly idealTree:prePrune │ ├── decamelize@1.2.0
76 silly idealTree:prePrune │ ├── default-require-extensions@1.0.0
76 silly idealTree:prePrune │ ├── detect-indent@4.0.0
76 silly idealTree:prePrune │ ├── error-ex@1.3.1
76 silly idealTree:prePrune │ ├── escape-string-regexp@1.0.5
76 silly idealTree:prePrune │ ├── esutils@2.0.2
76 silly idealTree:prePrune │ ├── expand-brackets@0.1.5
76 silly idealTree:prePrune │ ├── expand-range@1.8.2
76 silly idealTree:prePrune │ ├── extglob@0.3.2
76 silly idealTree:prePrune │ ├── filename-regex@2.0.1
76 silly idealTree:prePrune │ ├── fill-range@2.2.3
76 silly idealTree:prePrune │ ├── find-cache-dir@0.1.1
76 silly idealTree:prePrune │ ├── find-up@1.1.2
76 silly idealTree:prePrune │ ├── for-in@1.0.2
76 silly idealTree:prePrune │ ├── for-own@0.1.5
76 silly idealTree:prePrune │ ├── foreground-child@1.5.6
76 silly idealTree:prePrune │ ├── fs.realpath@1.0.0
76 silly idealTree:prePrune │ ├── get-caller-file@1.0.2
76 silly idealTree:prePrune │ ├── glob-base@0.3.0
76 silly idealTree:prePrune │ ├── glob-parent@2.0.0
76 silly idealTree:prePrune │ ├── glob@7.1.1
76 silly idealTree:prePrune │ ├── globals@9.17.0
76 silly idealTree:prePrune │ ├── graceful-fs@4.1.11
76 silly idealTree:prePrune │ ├─┬ handlebars@4.0.8
76 silly idealTree:prePrune │ │ └── source-map@0.4.4
76 silly idealTree:prePrune │ ├── has-ansi@2.0.0
76 silly idealTree:prePrune │ ├── has-flag@1.0.0
76 silly idealTree:prePrune │ ├── hosted-git-info@2.4.2
76 silly idealTree:prePrune │ ├── imurmurhash@0.1.4
76 silly idealTree:prePrune │ ├── inflight@1.0.6
76 silly idealTree:prePrune │ ├── inherits@2.0.3
76 silly idealTree:prePrune │ ├── invariant@2.2.2
76 silly idealTree:prePrune │ ├── invert-kv@1.0.0
76 silly idealTree:prePrune │ ├── is-arrayish@0.2.1
76 silly idealTree:prePrune │ ├── is-buffer@1.1.5
76 silly idealTree:prePrune │ ├── is-builtin-module@1.0.0
76 silly idealTree:prePrune │ ├── is-dotfile@1.0.2
76 silly idealTree:prePrune │ ├── is-equal-shallow@0.1.3
76 silly idealTree:prePrune │ ├── is-extendable@0.1.1
76 silly idealTree:prePrune │ ├── is-extglob@1.0.0
76 silly idealTree:prePrune │ ├── is-finite@1.0.2
76 silly idealTree:prePrune │ ├── is-fullwidth-code-point@1.0.0
76 silly idealTree:prePrune │ ├── is-glob@2.0.1
76 silly idealTree:prePrune │ ├── is-number@2.1.0
76 silly idealTree:prePrune │ ├── is-posix-bracket@0.1.1
76 silly idealTree:prePrune │ ├── is-primitive@2.0.0
76 silly idealTree:prePrune │ ├── is-utf8@0.2.1
76 silly idealTree:prePrune │ ├── isarray@1.0.0
76 silly idealTree:prePrune │ ├── isexe@2.0.0
76 silly idealTree:prePrune │ ├── isobject@2.1.0
76 silly idealTree:prePrune │ ├── istanbul-lib-coverage@1.1.0
76 silly idealTree:prePrune │ ├── istanbul-lib-hook@1.0.6
76 silly idealTree:prePrune │ ├── istanbul-lib-instrument@1.7.1
76 silly idealTree:prePrune │ ├─┬ istanbul-lib-report@1.1.0
76 silly idealTree:prePrune │ │ └── supports-color@3.2.3
76 silly idealTree:prePrune │ ├── istanbul-lib-source-maps@1.2.0
76 silly idealTree:prePrune │ ├── istanbul-reports@1.1.0
76 silly idealTree:prePrune │ ├── js-tokens@3.0.1
76 silly idealTree:prePrune │ ├── jsesc@1.3.0
76 silly idealTree:prePrune │ ├── kind-of@3.2.0
76 silly idealTree:prePrune │ ├── lazy-cache@1.0.4
76 silly idealTree:prePrune │ ├── lcid@1.0.0
76 silly idealTree:prePrune │ ├── load-json-file@1.1.0
76 silly idealTree:prePrune │ ├── lodash@4.17.4
76 silly idealTree:prePrune │ ├── longest@1.0.1
76 silly idealTree:prePrune │ ├── loose-envify@1.3.1
76 silly idealTree:prePrune │ ├── lru-cache@4.0.2
76 silly idealTree:prePrune │ ├── md5-hex@1.3.0
76 silly idealTree:prePrune │ ├── md5-o-matic@0.1.1
76 silly idealTree:prePrune │ ├── merge-source-map@1.0.3
76 silly idealTree:prePrune │ ├── micromatch@2.3.11
76 silly idealTree:prePrune │ ├── minimatch@3.0.3
76 silly idealTree:prePrune │ ├── minimist@0.0.8
76 silly idealTree:prePrune │ ├── mkdirp@0.5.1
76 silly idealTree:prePrune │ ├── ms@0.7.3
76 silly idealTree:prePrune │ ├── normalize-package-data@2.3.8
76 silly idealTree:prePrune │ ├── normalize-path@2.1.1
76 silly idealTree:prePrune │ ├── number-is-nan@1.0.1
76 silly idealTree:prePrune │ ├── object-assign@4.1.1
76 silly idealTree:prePrune │ ├── object.omit@2.0.1
76 silly idealTree:prePrune │ ├── once@1.4.0
76 silly idealTree:prePrune │ ├── optimist@0.6.1
76 silly idealTree:prePrune │ ├── os-homedir@1.0.2
76 silly idealTree:prePrune │ ├── os-locale@1.4.0
76 silly idealTree:prePrune │ ├── parse-glob@3.0.4
76 silly idealTree:prePrune │ ├── parse-json@2.2.0
76 silly idealTree:prePrune │ ├── path-exists@2.1.0
76 silly idealTree:prePrune │ ├── path-is-absolute@1.0.1
76 silly idealTree:prePrune │ ├── path-parse@1.0.5
76 silly idealTree:prePrune │ ├── path-type@1.1.0
76 silly idealTree:prePrune │ ├── pify@2.3.0
76 silly idealTree:prePrune │ ├── pinkie-promise@2.0.1
76 silly idealTree:prePrune │ ├── pinkie@2.0.4
76 silly idealTree:prePrune │ ├── pkg-dir@1.0.0
76 silly idealTree:prePrune │ ├── preserve@0.2.0
76 silly idealTree:prePrune │ ├── pseudomap@1.0.2
76 silly idealTree:prePrune │ ├── randomatic@1.1.6
76 silly idealTree:prePrune │ ├── read-pkg-up@1.0.1
76 silly idealTree:prePrune │ ├── read-pkg@1.1.0
76 silly idealTree:prePrune │ ├── regenerator-runtime@0.10.5
76 silly idealTree:prePrune │ ├── regex-cache@0.4.3
76 silly idealTree:prePrune │ ├── remove-trailing-separator@1.0.1
76 silly idealTree:prePrune │ ├── repeat-element@1.1.2
76 silly idealTree:prePrune │ ├── repeat-string@1.6.1
76 silly idealTree:prePrune │ ├── repeating@2.0.1
76 silly idealTree:prePrune │ ├── require-directory@2.1.1
76 silly idealTree:prePrune │ ├── require-main-filename@1.0.1
76 silly idealTree:prePrune │ ├── resolve-from@2.0.0
76 silly idealTree:prePrune │ ├── right-align@0.1.3
76 silly idealTree:prePrune │ ├── rimraf@2.6.1
76 silly idealTree:prePrune │ ├── semver@5.3.0
76 silly idealTree:prePrune │ ├── set-blocking@2.0.0
76 silly idealTree:prePrune │ ├── signal-exit@3.0.2
76 silly idealTree:prePrune │ ├── slide@1.1.6
76 silly idealTree:prePrune │ ├── source-map@0.5.6
76 silly idealTree:prePrune │ ├─┬ spawn-wrap@1.2.4
76 silly idealTree:prePrune │ │ └── signal-exit@2.1.2
76 silly idealTree:prePrune │ ├── spdx-correct@1.0.2
76 silly idealTree:prePrune │ ├── spdx-expression-parse@1.0.4
76 silly idealTree:prePrune │ ├── spdx-license-ids@1.2.2
76 silly idealTree:prePrune │ ├── string-width@1.0.2
76 silly idealTree:prePrune │ ├── strip-ansi@3.0.1
76 silly idealTree:prePrune │ ├── strip-bom@2.0.0
76 silly idealTree:prePrune │ ├── supports-color@2.0.0
76 silly idealTree:prePrune │ ├── test-exclude@4.1.0
76 silly idealTree:prePrune │ ├── to-fast-properties@1.0.3
76 silly idealTree:prePrune │ ├── trim-right@1.0.1
76 silly idealTree:prePrune │ ├─┬ uglify-js@2.8.22
76 silly idealTree:prePrune │ │ └── yargs@3.10.0
76 silly idealTree:prePrune │ ├── uglify-to-browserify@1.0.2
76 silly idealTree:prePrune │ ├── validate-npm-package-license@3.0.1
76 silly idealTree:prePrune │ ├── which-module@1.0.0
76 silly idealTree:prePrune │ ├── which@1.2.14
76 silly idealTree:prePrune │ ├── window-size@0.1.0
76 silly idealTree:prePrune │ ├── wordwrap@0.0.3
76 silly idealTree:prePrune │ ├── wrap-ansi@2.1.0
76 silly idealTree:prePrune │ ├── wrappy@1.0.2
76 silly idealTree:prePrune │ ├── write-file-atomic@1.3.4
76 silly idealTree:prePrune │ ├── y18n@3.2.1
76 silly idealTree:prePrune │ ├── yallist@2.1.2
76 silly idealTree:prePrune │ ├─┬ yargs-parser@5.0.0
76 silly idealTree:prePrune │ │ └── camelcase@3.0.0
76 silly idealTree:prePrune │ └─┬ yargs@7.1.0
76 silly idealTree:prePrune │   ├── camelcase@3.0.0
76 silly idealTree:prePrune │   └── cliui@3.2.0
76 silly idealTree:prePrune ├── object-assign@3.0.0
76 silly idealTree:prePrune ├── object-keys@1.0.11
76 silly idealTree:prePrune ├── object.assign@4.0.4
76 silly idealTree:prePrune ├─┬ object.defaults@1.1.0
76 silly idealTree:prePrune │ ├── for-own@1.0.0
76 silly idealTree:prePrune │ └── isobject@3.0.1
76 silly idealTree:prePrune ├── object.omit@2.0.1
76 silly idealTree:prePrune ├── object.pick@1.2.0
76 silly idealTree:prePrune ├── on-finished@2.3.0
76 silly idealTree:prePrune ├── on-headers@1.0.1
76 silly idealTree:prePrune ├── once@1.4.0
76 silly idealTree:prePrune ├── optimist@0.6.1
76 silly idealTree:prePrune ├── orchestrator@0.3.8
76 silly idealTree:prePrune ├── ordered-read-streams@0.1.0
76 silly idealTree:prePrune ├── os-homedir@1.0.2
76 silly idealTree:prePrune ├── os-tmpdir@1.0.2
76 silly idealTree:prePrune ├── osenv@0.1.4
76 silly idealTree:prePrune ├── package-json@1.2.0
76 silly idealTree:prePrune ├── parse-filepath@1.0.1
76 silly idealTree:prePrune ├── parse-glob@3.0.4
76 silly idealTree:prePrune ├── parse-passwd@1.0.0
76 silly idealTree:prePrune ├── parseurl@1.3.1
76 silly idealTree:prePrune ├── passport-local@1.0.0
76 silly idealTree:prePrune ├── passport-strategy@1.0.0
76 silly idealTree:prePrune ├── passport.socketio@3.7.0
76 silly idealTree:prePrune ├── passport@0.3.2
76 silly idealTree:prePrune ├── path-is-absolute@1.0.1
76 silly idealTree:prePrune ├── path-parse@1.0.5
76 silly idealTree:prePrune ├── path-root-regex@0.1.2
76 silly idealTree:prePrune ├── path-root@0.1.1
76 silly idealTree:prePrune ├── path-to-regexp@0.1.7
76 silly idealTree:prePrune ├── pause-stream@0.0.11
76 silly idealTree:prePrune ├── pause@0.0.1
76 silly idealTree:prePrune ├── pinkie-promise@2.0.1
76 silly idealTree:prePrune ├── pinkie@2.0.4
76 silly idealTree:prePrune ├── prepend-http@1.0.4
76 silly idealTree:prePrune ├── preserve@0.2.0
76 silly idealTree:prePrune ├── pretty-hrtime@1.0.3
76 silly idealTree:prePrune ├── process-nextick-args@1.0.7
76 silly idealTree:prePrune ├── promise@7.1.1
76 silly idealTree:prePrune ├── proxy-addr@1.1.4
76 silly idealTree:prePrune ├── ps-tree@1.1.0
76 silly idealTree:prePrune ├── qs@6.4.0
76 silly idealTree:prePrune ├── random-bytes@1.0.0
76 silly idealTree:prePrune ├─┬ randomatic@1.1.7
76 silly idealTree:prePrune │ ├─┬ is-number@3.0.0
76 silly idealTree:prePrune │ │ └── kind-of@3.2.2
76 silly idealTree:prePrune │ └── kind-of@4.0.0
76 silly idealTree:prePrune ├── range-parser@1.2.0
76 silly idealTree:prePrune ├── raw-body@2.2.0
76 silly idealTree:prePrune ├─┬ rc@1.2.1
76 silly idealTree:prePrune │ └── minimist@1.2.0
76 silly idealTree:prePrune ├── read-all-stream@3.1.0
76 silly idealTree:prePrune ├── readable-stream@2.2.7
76 silly idealTree:prePrune ├── readdirp@2.1.0
76 silly idealTree:prePrune ├── rechoir@0.6.2
76 silly idealTree:prePrune ├── redis-commands@1.3.1
76 silly idealTree:prePrune ├── redis-parser@2.6.0
76 silly idealTree:prePrune ├── redis@2.7.1
76 silly idealTree:prePrune ├── regex-cache@0.4.3
76 silly idealTree:prePrune ├── regexp-clone@0.0.1
76 silly idealTree:prePrune ├── registry-url@3.1.0
76 silly idealTree:prePrune ├── remove-trailing-separator@1.0.2
76 silly idealTree:prePrune ├── repeat-element@1.1.2
76 silly idealTree:prePrune ├── repeat-string@1.6.1
76 silly idealTree:prePrune ├── repeating@1.1.3
76 silly idealTree:prePrune ├── replace-ext@0.0.1
76 silly idealTree:prePrune ├── require_optional@1.0.1
76 silly idealTree:prePrune ├── resolve-dir@0.1.1
76 silly idealTree:prePrune ├── resolve-from@2.0.0
76 silly idealTree:prePrune ├── resolve@1.3.3
76 silly idealTree:prePrune ├── right-align@0.1.3
76 silly idealTree:prePrune ├── safe-buffer@5.0.1
76 silly idealTree:prePrune ├── semver-diff@2.1.0
76 silly idealTree:prePrune ├── semver@5.3.0
76 silly idealTree:prePrune ├── send@0.15.3
76 silly idealTree:prePrune ├── sequencify@0.0.7
76 silly idealTree:prePrune ├── serve-favicon@2.4.3
76 silly idealTree:prePrune ├── serve-static@1.12.3
76 silly idealTree:prePrune ├── set-immediate-shim@1.0.1
76 silly idealTree:prePrune ├── setprototypeof@1.0.3
76 silly idealTree:prePrune ├── should-equal@1.0.1
76 silly idealTree:prePrune ├── should-format@3.0.3
76 silly idealTree:prePrune ├── should-type-adaptors@1.0.1
76 silly idealTree:prePrune ├── should-type@1.4.0
76 silly idealTree:prePrune ├── should-util@1.0.0
76 silly idealTree:prePrune ├── should@11.2.1
76 silly idealTree:prePrune ├── sigmund@1.0.1
76 silly idealTree:prePrune ├── sliced@1.0.1
76 silly idealTree:prePrune ├── slide@1.1.6
76 silly idealTree:prePrune ├── source-map@0.4.4
76 silly idealTree:prePrune ├── sparkles@1.0.0
76 silly idealTree:prePrune ├── split@0.3.3
76 silly idealTree:prePrune ├── statuses@1.3.1
76 silly idealTree:prePrune ├── stream-combiner@0.0.4
76 silly idealTree:prePrune ├── stream-consume@0.1.0
76 silly idealTree:prePrune ├── stream-shift@1.0.0
76 silly idealTree:prePrune ├── string_decoder@1.0.2
76 silly idealTree:prePrune ├── string-length@1.0.1
76 silly idealTree:prePrune ├── strip-ansi@3.0.1
76 silly idealTree:prePrune ├── strip-bom@1.0.0
76 silly idealTree:prePrune ├── strip-json-comments@2.0.1
76 silly idealTree:prePrune ├── superagent@2.3.0
76 silly idealTree:prePrune ├── supertest@2.0.1
76 silly idealTree:prePrune ├── supports-color@2.0.0
76 silly idealTree:prePrune ├── through@2.3.8
76 silly idealTree:prePrune ├── through2@2.0.3
76 silly idealTree:prePrune ├── tildify@1.2.0
76 silly idealTree:prePrune ├── time-stamp@1.1.0
76 silly idealTree:prePrune ├── timed-out@2.0.0
76 silly idealTree:prePrune ├── touch@1.0.0
76 silly idealTree:prePrune ├── type-detect@1.0.0
76 silly idealTree:prePrune ├── type-is@1.6.15
76 silly idealTree:prePrune ├─┬ uglify-js@2.8.28
76 silly idealTree:prePrune │ └── source-map@0.5.6
76 silly idealTree:prePrune ├── uglify-to-browserify@1.0.2
76 silly idealTree:prePrune ├── uid-safe@2.1.4
76 silly idealTree:prePrune ├── unc-path-regex@0.1.2
76 silly idealTree:prePrune ├── undefsafe@0.0.3
76 silly idealTree:prePrune ├── unique-stream@1.0.0
76 silly idealTree:prePrune ├── unpipe@1.0.0
76 silly idealTree:prePrune ├── update-notifier@0.5.0
76 silly idealTree:prePrune ├── user-home@1.1.1
76 silly idealTree:prePrune ├── util-deprecate@1.0.2
76 silly idealTree:prePrune ├── utils-merge@1.0.0
76 silly idealTree:prePrune ├── uuid@2.0.3
76 silly idealTree:prePrune ├── v8flags@2.1.1
76 silly idealTree:prePrune ├── vary@1.1.1
76 silly idealTree:prePrune ├─┬ vinyl-fs@0.3.14
76 silly idealTree:prePrune │ ├── clone@0.2.0
76 silly idealTree:prePrune │ ├── graceful-fs@3.0.11
76 silly idealTree:prePrune │ ├── isarray@0.0.1
76 silly idealTree:prePrune │ ├── readable-stream@1.0.34
76 silly idealTree:prePrune │ ├── string_decoder@0.10.31
76 silly idealTree:prePrune │ ├── through2@0.6.5
76 silly idealTree:prePrune │ └── vinyl@0.4.6
76 silly idealTree:prePrune ├── vinyl@0.5.3
76 silly idealTree:prePrune ├── websocket-driver@0.6.5
76 silly idealTree:prePrune ├── websocket-extensions@0.1.1
76 silly idealTree:prePrune ├── which@1.2.14
76 silly idealTree:prePrune ├── window-size@0.1.0
76 silly idealTree:prePrune ├── wordwrap@0.0.3
76 silly idealTree:prePrune ├── wrappy@1.0.2
76 silly idealTree:prePrune ├── write-file-atomic@1.3.4
76 silly idealTree:prePrune ├── xdg-basedir@2.0.0
76 silly idealTree:prePrune ├── xtend@4.0.1
76 silly idealTree:prePrune └── yargs@3.10.0
77 silly loadIdealTree Finishing
78 silly currentTree exxon-quiz@0.0.1
78 silly currentTree ├── abbrev@1.1.0
78 silly currentTree ├── accepts@1.3.3
78 silly currentTree ├── align-text@0.1.4
78 silly currentTree ├── amdefine@1.0.1
78 silly currentTree ├── ansi-regex@2.1.1
78 silly currentTree ├── ansi-styles@2.2.1
78 silly currentTree ├── anymatch@1.3.0
78 silly currentTree ├── archy@1.0.0
78 silly currentTree ├── arr-diff@2.0.0
78 silly currentTree ├── arr-flatten@1.0.3
78 silly currentTree ├── array-differ@1.0.0
78 silly currentTree ├── array-each@1.0.1
78 silly currentTree ├── array-flatten@1.1.1
78 silly currentTree ├── array-slice@1.0.0
78 silly currentTree ├── array-uniq@1.0.3
78 silly currentTree ├── array-unique@0.2.1
78 silly currentTree ├── arrify@1.0.1
78 silly currentTree ├── asap@2.0.5
78 silly currentTree ├── assertion-error@1.0.2
78 silly currentTree ├── async-each-series@1.1.0
78 silly currentTree ├── async-each@1.0.1
78 silly currentTree ├── async@2.4.1
78 silly currentTree ├── balanced-match@0.4.2
78 silly currentTree ├── basic-auth@1.1.0
78 silly currentTree ├── beeper@1.1.1
78 silly currentTree ├── binary-extensions@1.8.0
78 silly currentTree ├── bluebird@2.10.2
78 silly currentTree ├── body-parser@1.17.2
78 silly currentTree ├── brace-expansion@1.1.7
78 silly currentTree ├── braces@1.8.5
78 silly currentTree ├── browser-stdout@1.3.0
78 silly currentTree ├── bson@1.0.4
78 silly currentTree ├── buffer-shims@1.0.0
78 silly currentTree ├── bytes@2.4.0
78 silly currentTree ├── camelcase@1.2.1
78 silly currentTree ├── center-align@0.1.3
78 silly currentTree ├── chai@3.5.0
78 silly currentTree ├── chalk@1.1.3
78 silly currentTree ├── chokidar@1.7.0
78 silly currentTree ├─┬ cliui@2.1.0
78 silly currentTree │ └── wordwrap@0.0.2
78 silly currentTree ├── clone-stats@0.0.1
78 silly currentTree ├── clone@1.0.2
78 silly currentTree ├── colors@1.1.2
78 silly currentTree ├── combined-stream@1.0.5
78 silly currentTree ├── commander@2.9.0
78 silly currentTree ├── component-emitter@1.2.1
78 silly currentTree ├── compressible@2.0.10
78 silly currentTree ├─┬ compression@1.6.2
78 silly currentTree │ ├── bytes@2.3.0
78 silly currentTree │ ├── debug@2.2.0
78 silly currentTree │ └── ms@0.7.1
78 silly currentTree ├── concat-map@0.0.1
78 silly currentTree ├─┬ configstore@1.4.0
78 silly currentTree │ └── object-assign@4.1.1
78 silly currentTree ├─┬ connect-mongo@1.3.2
78 silly currentTree │ └── bluebird@3.5.0
78 silly currentTree ├── connect-mongodb-session@1.3.0
78 silly currentTree ├── connect-redis@3.3.0
78 silly currentTree ├── content-disposition@0.5.2
78 silly currentTree ├── content-type@1.0.2
78 silly currentTree ├── cookie-parser@1.4.3
78 silly currentTree ├── cookie-signature@1.0.6
78 silly currentTree ├── cookie@0.3.1
78 silly currentTree ├── cookiejar@2.1.1
78 silly currentTree ├── core-util-is@1.0.2
78 silly currentTree ├── crc@3.4.4
78 silly currentTree ├── dateformat@2.0.0
78 silly currentTree ├── debug@2.6.7
78 silly currentTree ├── decamelize@1.2.0
78 silly currentTree ├─┬ deep-eql@0.1.3
78 silly currentTree │ └── type-detect@0.1.1
78 silly currentTree ├── deep-extend@0.4.2
78 silly currentTree ├── defaults@1.0.3
78 silly currentTree ├── define-properties@1.1.2
78 silly currentTree ├── delayed-stream@1.0.0
78 silly currentTree ├── depd@1.1.0
78 silly currentTree ├── deprecated@0.0.1
78 silly currentTree ├── destroy@1.0.4
78 silly currentTree ├── detect-file@0.1.0
78 silly currentTree ├── diff@3.2.0
78 silly currentTree ├── double-ended-queue@2.1.0-0
78 silly currentTree ├── duplexer@0.1.1
78 silly currentTree ├─┬ duplexer2@0.0.2
78 silly currentTree │ ├── isarray@0.0.1
78 silly currentTree │ ├── readable-stream@1.1.14
78 silly currentTree │ └── string_decoder@0.10.31
78 silly currentTree ├─┬ duplexify@3.5.0
78 silly currentTree │ ├── end-of-stream@1.0.0
78 silly currentTree │ └── once@1.3.3
78 silly currentTree ├── ee-first@1.1.1
78 silly currentTree ├── encodeurl@1.0.1
78 silly currentTree ├─┬ end-of-stream@0.1.5
78 silly currentTree │ └── once@1.3.3
78 silly currentTree ├── es6-promise@3.2.1
78 silly currentTree ├── escape-html@1.0.3
78 silly currentTree ├── escape-string-regexp@1.0.5
78 silly currentTree ├── etag@1.8.0
78 silly currentTree ├── event-stream@3.3.4
78 silly currentTree ├── expand-brackets@0.1.5
78 silly currentTree ├── expand-range@1.8.2
78 silly currentTree ├── expand-tilde@1.2.2
78 silly currentTree ├── express-handlebars@3.0.0
78 silly currentTree ├── express-session@1.15.3
78 silly currentTree ├── express@4.15.3
78 silly currentTree ├── extend@3.0.1
78 silly currentTree ├── extglob@0.3.2
78 silly currentTree ├── fancy-log@1.3.0
78 silly currentTree ├── faye-websocket@0.7.3
78 silly currentTree ├── filename-regex@2.0.1
78 silly currentTree ├── fill-range@2.2.3
78 silly currentTree ├── finalhandler@1.0.3
78 silly currentTree ├── find-index@0.1.1
78 silly currentTree ├── findup-sync@0.4.3
78 silly currentTree ├─┬ fined@1.1.0
78 silly currentTree │ └── expand-tilde@2.0.2
78 silly currentTree ├── first-chunk-stream@1.0.0
78 silly currentTree ├── flagged-respawn@0.3.2
78 silly currentTree ├── for-in@1.0.2
78 silly currentTree ├── for-own@0.1.5
78 silly currentTree ├── foreach@2.0.5
78 silly currentTree ├─┬ form-data@1.0.0-rc4
78 silly currentTree │ └── async@1.5.2
78 silly currentTree ├── formidable@1.1.1
78 silly currentTree ├── forwarded@0.1.0
78 silly currentTree ├── fresh@0.5.0
78 silly currentTree ├── from@0.1.7
78 silly currentTree ├── fs-exists-sync@0.1.0
78 silly currentTree ├── fs.realpath@1.0.0
78 silly currentTree ├── function-bind@1.1.0
78 silly currentTree ├── gaze@0.5.2
78 silly currentTree ├── glob-base@0.3.0
78 silly currentTree ├── glob-parent@2.0.0
78 silly currentTree ├─┬ glob-stream@3.1.18
78 silly currentTree │ ├── glob@4.5.3
78 silly currentTree │ ├── isarray@0.0.1
78 silly currentTree │ ├── minimatch@2.0.10
78 silly currentTree │ ├── readable-stream@1.0.34
78 silly currentTree │ ├── string_decoder@0.10.31
78 silly currentTree │ └── through2@0.6.5
78 silly currentTree ├── glob-watcher@0.0.6
78 silly currentTree ├── glob@6.0.4
78 silly currentTree ├── glob2base@0.0.12
78 silly currentTree ├── global-modules@0.2.3
78 silly currentTree ├── global-prefix@0.1.5
78 silly currentTree ├─┬ globule@0.1.0
78 silly currentTree │ ├── glob@3.1.21
78 silly currentTree │ ├── graceful-fs@1.2.3
78 silly currentTree │ ├── inherits@1.0.2
78 silly currentTree │ ├── lodash@1.0.2
78 silly currentTree │ └── minimatch@0.2.14
78 silly currentTree ├── glogg@1.0.0
78 silly currentTree ├── got@3.3.1
78 silly currentTree ├── graceful-fs@4.1.11
78 silly currentTree ├── graceful-readlink@1.0.1
78 silly currentTree ├── growl@1.9.2
78 silly currentTree ├── gulp-exit@0.0.2
78 silly currentTree ├─┬ gulp-livereload@3.8.1
78 silly currentTree │ ├── ansi-regex@0.2.1
78 silly currentTree │ ├── ansi-styles@1.1.0
78 silly currentTree │ ├── chalk@0.5.1
78 silly currentTree │ ├── has-ansi@0.1.0
78 silly currentTree │ ├── strip-ansi@0.3.0
78 silly currentTree │ └── supports-color@0.2.0
78 silly currentTree ├── gulp-nodemon@2.2.1
78 silly currentTree ├── gulp-plumber@1.1.0
78 silly currentTree ├─┬ gulp-util@3.0.8
78 silly currentTree │ └── minimist@1.2.0
78 silly currentTree ├─┬ gulp@3.9.1
78 silly currentTree │ ├── minimist@1.2.0
78 silly currentTree │ └── semver@4.3.6
78 silly currentTree ├── gulplog@1.0.0
78 silly currentTree ├─┬ handlebars@4.0.10
78 silly currentTree │ └── async@1.5.2
78 silly currentTree ├── has-ansi@2.0.0
78 silly currentTree ├── has-flag@1.0.0
78 silly currentTree ├── has-gulplog@0.1.0
78 silly currentTree ├── homedir-polyfill@1.0.1
78 silly currentTree ├── hooks-fixed@2.0.0
78 silly currentTree ├── http-errors@1.6.1
78 silly currentTree ├── iconv-lite@0.4.15
78 silly currentTree ├── ignore-by-default@1.0.1
78 silly currentTree ├── imurmurhash@0.1.4
78 silly currentTree ├── infinity-agent@2.0.3
78 silly currentTree ├── inflight@1.0.6
78 silly currentTree ├── inherits@2.0.3
78 silly currentTree ├── ini@1.3.4
78 silly currentTree ├── interpret@1.0.3
78 silly currentTree ├── ipaddr.js@1.3.0
78 silly currentTree ├── is-absolute@0.2.6
78 silly currentTree ├── is-binary-path@1.0.1
78 silly currentTree ├── is-buffer@1.1.5
78 silly currentTree ├── is-dotfile@1.0.3
78 silly currentTree ├── is-equal-shallow@0.1.3
78 silly currentTree ├── is-extendable@0.1.1
78 silly currentTree ├── is-extglob@1.0.0
78 silly currentTree ├── is-finite@1.0.2
78 silly currentTree ├── is-glob@2.0.1
78 silly currentTree ├── is-npm@1.0.0
78 silly currentTree ├── is-number@2.1.0
78 silly currentTree ├─┬ is-plain-object@2.0.3
78 silly currentTree │ └── isobject@3.0.1
78 silly currentTree ├── is-posix-bracket@0.1.1
78 silly currentTree ├── is-primitive@2.0.0
78 silly currentTree ├── is-redirect@1.0.0
78 silly currentTree ├── is-relative@0.2.1
78 silly currentTree ├── is-stream@1.1.0
78 silly currentTree ├── is-unc-path@0.1.2
78 silly currentTree ├── is-utf8@0.2.1
78 silly currentTree ├── is-windows@0.2.0
78 silly currentTree ├── isarray@1.0.0
78 silly currentTree ├── isexe@2.0.0
78 silly currentTree ├── isobject@2.1.0
78 silly currentTree ├── json3@3.3.2
78 silly currentTree ├── kareem@1.4.1
78 silly currentTree ├── kind-of@3.2.2
78 silly currentTree ├── latest-version@1.0.1
78 silly currentTree ├── lazy-cache@1.0.4
78 silly currentTree ├── liftoff@2.3.0
78 silly currentTree ├── livereload-js@2.2.2
78 silly currentTree ├── lodash._baseassign@3.2.0
78 silly currentTree ├── lodash._basecopy@3.0.1
78 silly currentTree ├── lodash._basecreate@3.0.3
78 silly currentTree ├── lodash._basetostring@3.0.1
78 silly currentTree ├── lodash._basevalues@3.0.0
78 silly currentTree ├── lodash._bindcallback@3.0.1
78 silly currentTree ├── lodash._createassigner@3.1.1
78 silly currentTree ├── lodash._getnative@3.9.1
78 silly currentTree ├── lodash._isiterateecall@3.0.9
78 silly currentTree ├── lodash._reescape@3.0.0
78 silly currentTree ├── lodash._reevaluate@3.0.0
78 silly currentTree ├── lodash._reinterpolate@3.0.0
78 silly currentTree ├── lodash._root@3.0.1
78 silly currentTree ├── lodash.assign@3.2.0
78 silly currentTree ├── lodash.create@3.1.1
78 silly currentTree ├── lodash.defaults@3.1.2
78 silly currentTree ├── lodash.escape@3.2.0
78 silly currentTree ├── lodash.isarguments@3.1.0
78 silly currentTree ├── lodash.isarray@3.0.4
78 silly currentTree ├── lodash.isplainobject@4.0.6
78 silly currentTree ├── lodash.isstring@4.0.1
78 silly currentTree ├── lodash.keys@3.1.2
78 silly currentTree ├── lodash.mapvalues@4.6.0
78 silly currentTree ├── lodash.restparam@3.6.1
78 silly currentTree ├── lodash.template@3.6.2
78 silly currentTree ├── lodash.templatesettings@3.1.1
78 silly currentTree ├── lodash@4.17.4
78 silly currentTree ├── longest@1.0.1
78 silly currentTree ├── lowercase-keys@1.0.0
78 silly currentTree ├── lru-cache@2.7.3
78 silly currentTree ├── map-cache@0.2.2
78 silly currentTree ├── map-stream@0.1.0
78 silly currentTree ├── media-typer@0.3.0
78 silly currentTree ├── merge-descriptors@1.0.1
78 silly currentTree ├─┬ method-override@2.3.9
78 silly currentTree │ └── debug@2.6.8
78 silly currentTree ├── methods@1.1.2
78 silly currentTree ├── micromatch@2.3.11
78 silly currentTree ├── mime-db@1.27.0
78 silly currentTree ├── mime-types@2.1.15
78 silly currentTree ├── mime@1.3.4
78 silly currentTree ├─┬ mini-lr@0.1.9
78 silly currentTree │ ├─┬ body-parser@1.14.2
78 silly currentTree │ │ ├── debug@2.2.0
78 silly currentTree │ │ └── qs@5.2.0
78 silly currentTree │ ├── bytes@2.2.0
78 silly currentTree │ ├── http-errors@1.3.1
78 silly currentTree │ ├── iconv-lite@0.4.13
78 silly currentTree │ ├── ms@0.7.1
78 silly currentTree │ ├── qs@2.2.5
78 silly currentTree │ └─┬ raw-body@2.1.7
78 silly currentTree │   └── bytes@2.4.0
78 silly currentTree ├── minimatch@3.0.4
78 silly currentTree ├── minimist@0.0.10
78 silly currentTree ├─┬ mkdirp@0.5.1
78 silly currentTree │ └── minimist@0.0.8
78 silly currentTree ├─┬ mocha@3.4.2
78 silly currentTree │ ├── debug@2.6.0
78 silly currentTree │ ├── glob@7.1.1
78 silly currentTree │ ├── ms@0.7.2
78 silly currentTree │ └── supports-color@3.1.2
78 silly currentTree ├── mongodb-core@2.1.14
78 silly currentTree ├── mongodb@2.2.30
78 silly currentTree ├── mongoose-sequence@3.2.0
78 silly currentTree ├─┬ mongoose@4.11.1
78 silly currentTree │ ├── async@2.1.4
78 silly currentTree │ ├── mongodb-core@2.1.11
78 silly currentTree │ └── mongodb@2.2.27
78 silly currentTree ├─┬ morgan@1.8.2
78 silly currentTree │ └── debug@2.6.8
78 silly currentTree ├── mpath@0.3.0
78 silly currentTree ├── mpromise@0.5.5
78 silly currentTree ├─┬ mquery@2.3.1
78 silly currentTree │ ├── debug@2.6.8
78 silly currentTree │ └── sliced@0.0.5
78 silly currentTree ├── ms@2.0.0
78 silly currentTree ├── multipipe@0.1.2
78 silly currentTree ├── muri@1.2.1
78 silly currentTree ├── natives@1.1.0
78 silly currentTree ├── negotiator@0.6.1
78 silly currentTree ├── nested-error-stacks@1.0.2
78 silly currentTree ├── nodemon@1.11.0
78 silly currentTree ├── nopt@1.0.10
78 silly currentTree ├── normalize-path@2.1.1
78 silly currentTree ├── number-is-nan@1.0.1
78 silly currentTree ├─┬ nyc@10.3.2
78 silly currentTree │ ├── align-text@0.1.4
78 silly currentTree │ ├── amdefine@1.0.1
78 silly currentTree │ ├── ansi-regex@2.1.1
78 silly currentTree │ ├── ansi-styles@2.2.1
78 silly currentTree │ ├── append-transform@0.4.0
78 silly currentTree │ ├── archy@1.0.0
78 silly currentTree │ ├── arr-diff@2.0.0
78 silly currentTree │ ├── arr-flatten@1.0.3
78 silly currentTree │ ├── array-unique@0.2.1
78 silly currentTree │ ├── arrify@1.0.1
78 silly currentTree │ ├── async@1.5.2
78 silly currentTree │ ├── babel-code-frame@6.22.0
78 silly currentTree │ ├── babel-generator@6.24.1
78 silly currentTree │ ├── babel-messages@6.23.0
78 silly currentTree │ ├── babel-runtime@6.23.0
78 silly currentTree │ ├── babel-template@6.24.1
78 silly currentTree │ ├── babel-traverse@6.24.1
78 silly currentTree │ ├── babel-types@6.24.1
78 silly currentTree │ ├── babylon@6.17.0
78 silly currentTree │ ├── balanced-match@0.4.2
78 silly currentTree │ ├── brace-expansion@1.1.7
78 silly currentTree │ ├── braces@1.8.5
78 silly currentTree │ ├── builtin-modules@1.1.1
78 silly currentTree │ ├── caching-transform@1.0.1
78 silly currentTree │ ├── camelcase@1.2.1
78 silly currentTree │ ├── center-align@0.1.3
78 silly currentTree │ ├── chalk@1.1.3
78 silly currentTree │ ├─┬ cliui@2.1.0
78 silly currentTree │ │ └── wordwrap@0.0.2
78 silly currentTree │ ├── code-point-at@1.1.0
78 silly currentTree │ ├── commondir@1.0.1
78 silly currentTree │ ├── concat-map@0.0.1
78 silly currentTree │ ├── convert-source-map@1.5.0
78 silly currentTree │ ├── core-js@2.4.1
78 silly currentTree │ ├── cross-spawn@4.0.2
78 silly currentTree │ ├── debug-log@1.0.1
78 silly currentTree │ ├── debug@2.6.6
78 silly currentTree │ ├── decamelize@1.2.0
78 silly currentTree │ ├── default-require-extensions@1.0.0
78 silly currentTree │ ├── detect-indent@4.0.0
78 silly currentTree │ ├── error-ex@1.3.1
78 silly currentTree │ ├── escape-string-regexp@1.0.5
78 silly currentTree │ ├── esutils@2.0.2
78 silly currentTree │ ├── expand-brackets@0.1.5
78 silly currentTree │ ├── expand-range@1.8.2
78 silly currentTree │ ├── extglob@0.3.2
78 silly currentTree │ ├── filename-regex@2.0.1
78 silly currentTree │ ├── fill-range@2.2.3
78 silly currentTree │ ├── find-cache-dir@0.1.1
78 silly currentTree │ ├── find-up@1.1.2
78 silly currentTree │ ├── for-in@1.0.2
78 silly currentTree │ ├── for-own@0.1.5
78 silly currentTree │ ├── foreground-child@1.5.6
78 silly currentTree │ ├── fs.realpath@1.0.0
78 silly currentTree │ ├── get-caller-file@1.0.2
78 silly currentTree │ ├── glob-base@0.3.0
78 silly currentTree │ ├── glob-parent@2.0.0
78 silly currentTree │ ├── glob@7.1.1
78 silly currentTree │ ├── globals@9.17.0
78 silly currentTree │ ├── graceful-fs@4.1.11
78 silly currentTree │ ├─┬ handlebars@4.0.8
78 silly currentTree │ │ └── source-map@0.4.4
78 silly currentTree │ ├── has-ansi@2.0.0
78 silly currentTree │ ├── has-flag@1.0.0
78 silly currentTree │ ├── hosted-git-info@2.4.2
78 silly currentTree │ ├── imurmurhash@0.1.4
78 silly currentTree │ ├── inflight@1.0.6
78 silly currentTree │ ├── inherits@2.0.3
78 silly currentTree │ ├── invariant@2.2.2
78 silly currentTree │ ├── invert-kv@1.0.0
78 silly currentTree │ ├── is-arrayish@0.2.1
78 silly currentTree │ ├── is-buffer@1.1.5
78 silly currentTree │ ├── is-builtin-module@1.0.0
78 silly currentTree │ ├── is-dotfile@1.0.2
78 silly currentTree │ ├── is-equal-shallow@0.1.3
78 silly currentTree │ ├── is-extendable@0.1.1
78 silly currentTree │ ├── is-extglob@1.0.0
78 silly currentTree │ ├── is-finite@1.0.2
78 silly currentTree │ ├── is-fullwidth-code-point@1.0.0
78 silly currentTree │ ├── is-glob@2.0.1
78 silly currentTree │ ├── is-number@2.1.0
78 silly currentTree │ ├── is-posix-bracket@0.1.1
78 silly currentTree │ ├── is-primitive@2.0.0
78 silly currentTree │ ├── is-utf8@0.2.1
78 silly currentTree │ ├── isarray@1.0.0
78 silly currentTree │ ├── isexe@2.0.0
78 silly currentTree │ ├── isobject@2.1.0
78 silly currentTree │ ├── istanbul-lib-coverage@1.1.0
78 silly currentTree │ ├── istanbul-lib-hook@1.0.6
78 silly currentTree │ ├── istanbul-lib-instrument@1.7.1
78 silly currentTree │ ├─┬ istanbul-lib-report@1.1.0
78 silly currentTree │ │ └── supports-color@3.2.3
78 silly currentTree │ ├── istanbul-lib-source-maps@1.2.0
78 silly currentTree │ ├── istanbul-reports@1.1.0
78 silly currentTree │ ├── js-tokens@3.0.1
78 silly currentTree │ ├── jsesc@1.3.0
78 silly currentTree │ ├── kind-of@3.2.0
78 silly currentTree │ ├── lazy-cache@1.0.4
78 silly currentTree │ ├── lcid@1.0.0
78 silly currentTree │ ├── load-json-file@1.1.0
78 silly currentTree │ ├── lodash@4.17.4
78 silly currentTree │ ├── longest@1.0.1
78 silly currentTree │ ├── loose-envify@1.3.1
78 silly currentTree │ ├── lru-cache@4.0.2
78 silly currentTree │ ├── md5-hex@1.3.0
78 silly currentTree │ ├── md5-o-matic@0.1.1
78 silly currentTree │ ├── merge-source-map@1.0.3
78 silly currentTree │ ├── micromatch@2.3.11
78 silly currentTree │ ├── minimatch@3.0.3
78 silly currentTree │ ├── minimist@0.0.8
78 silly currentTree │ ├── mkdirp@0.5.1
78 silly currentTree │ ├── ms@0.7.3
78 silly currentTree │ ├── normalize-package-data@2.3.8
78 silly currentTree │ ├── normalize-path@2.1.1
78 silly currentTree │ ├── number-is-nan@1.0.1
78 silly currentTree │ ├── object-assign@4.1.1
78 silly currentTree │ ├── object.omit@2.0.1
78 silly currentTree │ ├── once@1.4.0
78 silly currentTree │ ├── optimist@0.6.1
78 silly currentTree │ ├── os-homedir@1.0.2
78 silly currentTree │ ├── os-locale@1.4.0
78 silly currentTree │ ├── parse-glob@3.0.4
78 silly currentTree │ ├── parse-json@2.2.0
78 silly currentTree │ ├── path-exists@2.1.0
78 silly currentTree │ ├── path-is-absolute@1.0.1
78 silly currentTree │ ├── path-parse@1.0.5
78 silly currentTree │ ├── path-type@1.1.0
78 silly currentTree │ ├── pify@2.3.0
78 silly currentTree │ ├── pinkie-promise@2.0.1
78 silly currentTree │ ├── pinkie@2.0.4
78 silly currentTree │ ├── pkg-dir@1.0.0
78 silly currentTree │ ├── preserve@0.2.0
78 silly currentTree │ ├── pseudomap@1.0.2
78 silly currentTree │ ├── randomatic@1.1.6
78 silly currentTree │ ├── read-pkg-up@1.0.1
78 silly currentTree │ ├── read-pkg@1.1.0
78 silly currentTree │ ├── regenerator-runtime@0.10.5
78 silly currentTree │ ├── regex-cache@0.4.3
78 silly currentTree │ ├── remove-trailing-separator@1.0.1
78 silly currentTree │ ├── repeat-element@1.1.2
78 silly currentTree │ ├── repeat-string@1.6.1
78 silly currentTree │ ├── repeating@2.0.1
78 silly currentTree │ ├── require-directory@2.1.1
78 silly currentTree │ ├── require-main-filename@1.0.1
78 silly currentTree │ ├── resolve-from@2.0.0
78 silly currentTree │ ├── right-align@0.1.3
78 silly currentTree │ ├── rimraf@2.6.1
78 silly currentTree │ ├── semver@5.3.0
78 silly currentTree │ ├── set-blocking@2.0.0
78 silly currentTree │ ├── signal-exit@3.0.2
78 silly currentTree │ ├── slide@1.1.6
78 silly currentTree │ ├── source-map@0.5.6
78 silly currentTree │ ├─┬ spawn-wrap@1.2.4
78 silly currentTree │ │ └── signal-exit@2.1.2
78 silly currentTree │ ├── spdx-correct@1.0.2
78 silly currentTree │ ├── spdx-expression-parse@1.0.4
78 silly currentTree │ ├── spdx-license-ids@1.2.2
78 silly currentTree │ ├── string-width@1.0.2
78 silly currentTree │ ├── strip-ansi@3.0.1
78 silly currentTree │ ├── strip-bom@2.0.0
78 silly currentTree │ ├── supports-color@2.0.0
78 silly currentTree │ ├── test-exclude@4.1.0
78 silly currentTree │ ├── to-fast-properties@1.0.3
78 silly currentTree │ ├── trim-right@1.0.1
78 silly currentTree │ ├─┬ uglify-js@2.8.22
78 silly currentTree │ │ └── yargs@3.10.0
78 silly currentTree │ ├── uglify-to-browserify@1.0.2
78 silly currentTree │ ├── validate-npm-package-license@3.0.1
78 silly currentTree │ ├── which-module@1.0.0
78 silly currentTree │ ├── which@1.2.14
78 silly currentTree │ ├── window-size@0.1.0
78 silly currentTree │ ├── wordwrap@0.0.3
78 silly currentTree │ ├── wrap-ansi@2.1.0
78 silly currentTree │ ├── wrappy@1.0.2
78 silly currentTree │ ├── write-file-atomic@1.3.4
78 silly currentTree │ ├── y18n@3.2.1
78 silly currentTree │ ├── yallist@2.1.2
78 silly currentTree │ ├─┬ yargs-parser@5.0.0
78 silly currentTree │ │ └── camelcase@3.0.0
78 silly currentTree │ └─┬ yargs@7.1.0
78 silly currentTree │   ├── camelcase@3.0.0
78 silly currentTree │   └── cliui@3.2.0
78 silly currentTree ├── object-assign@3.0.0
78 silly currentTree ├── object-keys@1.0.11
78 silly currentTree ├── object.assign@4.0.4
78 silly currentTree ├─┬ object.defaults@1.1.0
78 silly currentTree │ ├── for-own@1.0.0
78 silly currentTree │ └── isobject@3.0.1
78 silly currentTree ├── object.omit@2.0.1
78 silly currentTree ├── object.pick@1.2.0
78 silly currentTree ├── on-finished@2.3.0
78 silly currentTree ├── on-headers@1.0.1
78 silly currentTree ├── once@1.4.0
78 silly currentTree ├── optimist@0.6.1
78 silly currentTree ├── orchestrator@0.3.8
78 silly currentTree ├── ordered-read-streams@0.1.0
78 silly currentTree ├── os-homedir@1.0.2
78 silly currentTree ├── os-tmpdir@1.0.2
78 silly currentTree ├── osenv@0.1.4
78 silly currentTree ├── package-json@1.2.0
78 silly currentTree ├── parse-filepath@1.0.1
78 silly currentTree ├── parse-glob@3.0.4
78 silly currentTree ├── parse-passwd@1.0.0
78 silly currentTree ├── parseurl@1.3.1
78 silly currentTree ├── passport-local@1.0.0
78 silly currentTree ├── passport-strategy@1.0.0
78 silly currentTree ├── passport@0.3.2
78 silly currentTree ├── path-is-absolute@1.0.1
78 silly currentTree ├── path-parse@1.0.5
78 silly currentTree ├── path-root-regex@0.1.2
78 silly currentTree ├── path-root@0.1.1
78 silly currentTree ├── path-to-regexp@0.1.7
78 silly currentTree ├── pause-stream@0.0.11
78 silly currentTree ├── pause@0.0.1
78 silly currentTree ├── pinkie-promise@2.0.1
78 silly currentTree ├── pinkie@2.0.4
78 silly currentTree ├── prepend-http@1.0.4
78 silly currentTree ├── preserve@0.2.0
78 silly currentTree ├── pretty-hrtime@1.0.3
78 silly currentTree ├── process-nextick-args@1.0.7
78 silly currentTree ├── promise@7.1.1
78 silly currentTree ├── proxy-addr@1.1.4
78 silly currentTree ├── ps-tree@1.1.0
78 silly currentTree ├── qs@6.4.0
78 silly currentTree ├── random-bytes@1.0.0
78 silly currentTree ├─┬ randomatic@1.1.7
78 silly currentTree │ ├─┬ is-number@3.0.0
78 silly currentTree │ │ └── kind-of@3.2.2
78 silly currentTree │ └── kind-of@4.0.0
78 silly currentTree ├── range-parser@1.2.0
78 silly currentTree ├── raw-body@2.2.0
78 silly currentTree ├─┬ rc@1.2.1
78 silly currentTree │ └── minimist@1.2.0
78 silly currentTree ├── read-all-stream@3.1.0
78 silly currentTree ├── readable-stream@2.2.7
78 silly currentTree ├── readdirp@2.1.0
78 silly currentTree ├── rechoir@0.6.2
78 silly currentTree ├── redis-commands@1.3.1
78 silly currentTree ├── redis-parser@2.6.0
78 silly currentTree ├── redis@2.7.1
78 silly currentTree ├── regex-cache@0.4.3
78 silly currentTree ├── regexp-clone@0.0.1
78 silly currentTree ├── registry-url@3.1.0
78 silly currentTree ├── remove-trailing-separator@1.0.2
78 silly currentTree ├── repeat-element@1.1.2
78 silly currentTree ├── repeat-string@1.6.1
78 silly currentTree ├── repeating@1.1.3
78 silly currentTree ├── replace-ext@0.0.1
78 silly currentTree ├── require_optional@1.0.1
78 silly currentTree ├── resolve-dir@0.1.1
78 silly currentTree ├── resolve-from@2.0.0
78 silly currentTree ├── resolve@1.3.3
78 silly currentTree ├── right-align@0.1.3
78 silly currentTree ├── safe-buffer@5.0.1
78 silly currentTree ├── semver-diff@2.1.0
78 silly currentTree ├── semver@5.3.0
78 silly currentTree ├── send@0.15.3
78 silly currentTree ├── sequencify@0.0.7
78 silly currentTree ├── serve-favicon@2.4.3
78 silly currentTree ├── serve-static@1.12.3
78 silly currentTree ├── set-immediate-shim@1.0.1
78 silly currentTree ├── setprototypeof@1.0.3
78 silly currentTree ├── should-equal@1.0.1
78 silly currentTree ├── should-format@3.0.3
78 silly currentTree ├── should-type-adaptors@1.0.1
78 silly currentTree ├── should-type@1.4.0
78 silly currentTree ├── should-util@1.0.0
78 silly currentTree ├── should@11.2.1
78 silly currentTree ├── sigmund@1.0.1
78 silly currentTree ├── sliced@1.0.1
78 silly currentTree ├── slide@1.1.6
78 silly currentTree ├── source-map@0.4.4
78 silly currentTree ├── sparkles@1.0.0
78 silly currentTree ├── split@0.3.3
78 silly currentTree ├── statuses@1.3.1
78 silly currentTree ├── stream-combiner@0.0.4
78 silly currentTree ├── stream-consume@0.1.0
78 silly currentTree ├── stream-shift@1.0.0
78 silly currentTree ├── string_decoder@1.0.2
78 silly currentTree ├── string-length@1.0.1
78 silly currentTree ├── strip-ansi@3.0.1
78 silly currentTree ├── strip-bom@1.0.0
78 silly currentTree ├── strip-json-comments@2.0.1
78 silly currentTree ├── superagent@2.3.0
78 silly currentTree ├── supertest@2.0.1
78 silly currentTree ├── supports-color@2.0.0
78 silly currentTree ├── through@2.3.8
78 silly currentTree ├── through2@2.0.3
78 silly currentTree ├── tildify@1.2.0
78 silly currentTree ├── time-stamp@1.1.0
78 silly currentTree ├── timed-out@2.0.0
78 silly currentTree ├── touch@1.0.0
78 silly currentTree ├── type-detect@1.0.0
78 silly currentTree ├── type-is@1.6.15
78 silly currentTree ├─┬ uglify-js@2.8.28
78 silly currentTree │ └── source-map@0.5.6
78 silly currentTree ├── uglify-to-browserify@1.0.2
78 silly currentTree ├── uid-safe@2.1.4
78 silly currentTree ├── unc-path-regex@0.1.2
78 silly currentTree ├── undefsafe@0.0.3
78 silly currentTree ├── unique-stream@1.0.0
78 silly currentTree ├── unpipe@1.0.0
78 silly currentTree ├── update-notifier@0.5.0
78 silly currentTree ├── user-home@1.1.1
78 silly currentTree ├── util-deprecate@1.0.2
78 silly currentTree ├── utils-merge@1.0.0
78 silly currentTree ├── uuid@2.0.3
78 silly currentTree ├── v8flags@2.1.1
78 silly currentTree ├── vary@1.1.1
78 silly currentTree ├─┬ vinyl-fs@0.3.14
78 silly currentTree │ ├── clone@0.2.0
78 silly currentTree │ ├── graceful-fs@3.0.11
78 silly currentTree │ ├── isarray@0.0.1
78 silly currentTree │ ├── readable-stream@1.0.34
78 silly currentTree │ ├── string_decoder@0.10.31
78 silly currentTree │ ├── through2@0.6.5
78 silly currentTree │ └── vinyl@0.4.6
78 silly currentTree ├── vinyl@0.5.3
78 silly currentTree ├── websocket-driver@0.6.5
78 silly currentTree ├── websocket-extensions@0.1.1
78 silly currentTree ├── which@1.2.14
78 silly currentTree ├── window-size@0.1.0
78 silly currentTree ├── wordwrap@0.0.3
78 silly currentTree ├── wrappy@1.0.2
78 silly currentTree ├── write-file-atomic@1.3.4
78 silly currentTree ├── xdg-basedir@2.0.0
78 silly currentTree ├── xtend@4.0.1
78 silly currentTree └── yargs@3.10.0
79 silly idealTree exxon-quiz@0.0.1
79 silly idealTree ├── abbrev@1.1.0
79 silly idealTree ├── accepts@1.3.3
79 silly idealTree ├── align-text@0.1.4
79 silly idealTree ├── amdefine@1.0.1
79 silly idealTree ├── ansi-regex@2.1.1
79 silly idealTree ├── ansi-styles@2.2.1
79 silly idealTree ├── anymatch@1.3.0
79 silly idealTree ├── archy@1.0.0
79 silly idealTree ├── arr-diff@2.0.0
79 silly idealTree ├── arr-flatten@1.0.3
79 silly idealTree ├── array-differ@1.0.0
79 silly idealTree ├── array-each@1.0.1
79 silly idealTree ├── array-flatten@1.1.1
79 silly idealTree ├── array-slice@1.0.0
79 silly idealTree ├── array-uniq@1.0.3
79 silly idealTree ├── array-unique@0.2.1
79 silly idealTree ├── arrify@1.0.1
79 silly idealTree ├── asap@2.0.5
79 silly idealTree ├── assertion-error@1.0.2
79 silly idealTree ├── async-each-series@1.1.0
79 silly idealTree ├── async-each@1.0.1
79 silly idealTree ├── async@2.4.1
79 silly idealTree ├── balanced-match@0.4.2
79 silly idealTree ├── basic-auth@1.1.0
79 silly idealTree ├── beeper@1.1.1
79 silly idealTree ├── binary-extensions@1.8.0
79 silly idealTree ├── bluebird@2.10.2
79 silly idealTree ├── body-parser@1.17.2
79 silly idealTree ├── brace-expansion@1.1.7
79 silly idealTree ├── braces@1.8.5
79 silly idealTree ├── browser-stdout@1.3.0
79 silly idealTree ├── bson@1.0.4
79 silly idealTree ├── buffer-shims@1.0.0
79 silly idealTree ├── bytes@2.4.0
79 silly idealTree ├── camelcase@1.2.1
79 silly idealTree ├── center-align@0.1.3
79 silly idealTree ├── chai@3.5.0
79 silly idealTree ├── chalk@1.1.3
79 silly idealTree ├── chokidar@1.7.0
79 silly idealTree ├─┬ cliui@2.1.0
79 silly idealTree │ └── wordwrap@0.0.2
79 silly idealTree ├── clone-stats@0.0.1
79 silly idealTree ├── clone@1.0.2
79 silly idealTree ├── colors@1.1.2
79 silly idealTree ├── combined-stream@1.0.5
79 silly idealTree ├── commander@2.9.0
79 silly idealTree ├── component-emitter@1.2.1
79 silly idealTree ├── compressible@2.0.10
79 silly idealTree ├─┬ compression@1.6.2
79 silly idealTree │ ├── bytes@2.3.0
79 silly idealTree │ ├── debug@2.2.0
79 silly idealTree │ └── ms@0.7.1
79 silly idealTree ├── concat-map@0.0.1
79 silly idealTree ├─┬ configstore@1.4.0
79 silly idealTree │ └── object-assign@4.1.1
79 silly idealTree ├─┬ connect-mongo@1.3.2
79 silly idealTree │ └── bluebird@3.5.0
79 silly idealTree ├── connect-mongodb-session@1.3.0
79 silly idealTree ├── connect-redis@3.3.0
79 silly idealTree ├── content-disposition@0.5.2
79 silly idealTree ├── content-type@1.0.2
79 silly idealTree ├── cookie-parser@1.4.3
79 silly idealTree ├── cookie-signature@1.0.6
79 silly idealTree ├── cookie@0.3.1
79 silly idealTree ├── cookiejar@2.1.1
79 silly idealTree ├── core-util-is@1.0.2
79 silly idealTree ├── crc@3.4.4
79 silly idealTree ├── dateformat@2.0.0
79 silly idealTree ├── debug@2.6.7
79 silly idealTree ├── decamelize@1.2.0
79 silly idealTree ├─┬ deep-eql@0.1.3
79 silly idealTree │ └── type-detect@0.1.1
79 silly idealTree ├── deep-extend@0.4.2
79 silly idealTree ├── defaults@1.0.3
79 silly idealTree ├── define-properties@1.1.2
79 silly idealTree ├── delayed-stream@1.0.0
79 silly idealTree ├── depd@1.1.0
79 silly idealTree ├── deprecated@0.0.1
79 silly idealTree ├── destroy@1.0.4
79 silly idealTree ├── detect-file@0.1.0
79 silly idealTree ├── diff@3.2.0
79 silly idealTree ├── double-ended-queue@2.1.0-0
79 silly idealTree ├── duplexer@0.1.1
79 silly idealTree ├─┬ duplexer2@0.0.2
79 silly idealTree │ ├── isarray@0.0.1
79 silly idealTree │ ├── readable-stream@1.1.14
79 silly idealTree │ └── string_decoder@0.10.31
79 silly idealTree ├─┬ duplexify@3.5.0
79 silly idealTree │ ├── end-of-stream@1.0.0
79 silly idealTree │ └── once@1.3.3
79 silly idealTree ├── ee-first@1.1.1
79 silly idealTree ├── encodeurl@1.0.1
79 silly idealTree ├─┬ end-of-stream@0.1.5
79 silly idealTree │ └── once@1.3.3
79 silly idealTree ├── es6-promise@3.2.1
79 silly idealTree ├── escape-html@1.0.3
79 silly idealTree ├── escape-string-regexp@1.0.5
79 silly idealTree ├── etag@1.8.0
79 silly idealTree ├── event-stream@3.3.4
79 silly idealTree ├── expand-brackets@0.1.5
79 silly idealTree ├── expand-range@1.8.2
79 silly idealTree ├── expand-tilde@1.2.2
79 silly idealTree ├── express-handlebars@3.0.0
79 silly idealTree ├── express-session@1.15.3
79 silly idealTree ├── express@4.15.3
79 silly idealTree ├── extend@3.0.1
79 silly idealTree ├── extglob@0.3.2
79 silly idealTree ├── fancy-log@1.3.0
79 silly idealTree ├── faye-websocket@0.7.3
79 silly idealTree ├── filename-regex@2.0.1
79 silly idealTree ├── fill-range@2.2.3
79 silly idealTree ├── finalhandler@1.0.3
79 silly idealTree ├── find-index@0.1.1
79 silly idealTree ├── findup-sync@0.4.3
79 silly idealTree ├─┬ fined@1.1.0
79 silly idealTree │ └── expand-tilde@2.0.2
79 silly idealTree ├── first-chunk-stream@1.0.0
79 silly idealTree ├── flagged-respawn@0.3.2
79 silly idealTree ├── for-in@1.0.2
79 silly idealTree ├── for-own@0.1.5
79 silly idealTree ├── foreach@2.0.5
79 silly idealTree ├─┬ form-data@1.0.0-rc4
79 silly idealTree │ └── async@1.5.2
79 silly idealTree ├── formidable@1.1.1
79 silly idealTree ├── forwarded@0.1.0
79 silly idealTree ├── fresh@0.5.0
79 silly idealTree ├── from@0.1.7
79 silly idealTree ├── fs-exists-sync@0.1.0
79 silly idealTree ├── fs.realpath@1.0.0
79 silly idealTree ├── function-bind@1.1.0
79 silly idealTree ├── gaze@0.5.2
79 silly idealTree ├── glob-base@0.3.0
79 silly idealTree ├── glob-parent@2.0.0
79 silly idealTree ├─┬ glob-stream@3.1.18
79 silly idealTree │ ├── glob@4.5.3
79 silly idealTree │ ├── isarray@0.0.1
79 silly idealTree │ ├── minimatch@2.0.10
79 silly idealTree │ ├── readable-stream@1.0.34
79 silly idealTree │ ├── string_decoder@0.10.31
79 silly idealTree │ └── through2@0.6.5
79 silly idealTree ├── glob-watcher@0.0.6
79 silly idealTree ├── glob@6.0.4
79 silly idealTree ├── glob2base@0.0.12
79 silly idealTree ├── global-modules@0.2.3
79 silly idealTree ├── global-prefix@0.1.5
79 silly idealTree ├─┬ globule@0.1.0
79 silly idealTree │ ├── glob@3.1.21
79 silly idealTree │ ├── graceful-fs@1.2.3
79 silly idealTree │ ├── inherits@1.0.2
79 silly idealTree │ ├── lodash@1.0.2
79 silly idealTree │ └── minimatch@0.2.14
79 silly idealTree ├── glogg@1.0.0
79 silly idealTree ├── got@3.3.1
79 silly idealTree ├── graceful-fs@4.1.11
79 silly idealTree ├── graceful-readlink@1.0.1
79 silly idealTree ├── growl@1.9.2
79 silly idealTree ├── gulp-exit@0.0.2
79 silly idealTree ├─┬ gulp-livereload@3.8.1
79 silly idealTree │ ├── ansi-regex@0.2.1
79 silly idealTree │ ├── ansi-styles@1.1.0
79 silly idealTree │ ├── chalk@0.5.1
79 silly idealTree │ ├── has-ansi@0.1.0
79 silly idealTree │ ├── strip-ansi@0.3.0
79 silly idealTree │ └── supports-color@0.2.0
79 silly idealTree ├── gulp-nodemon@2.2.1
79 silly idealTree ├── gulp-plumber@1.1.0
79 silly idealTree ├─┬ gulp-util@3.0.8
79 silly idealTree │ └── minimist@1.2.0
79 silly idealTree ├─┬ gulp@3.9.1
79 silly idealTree │ ├── minimist@1.2.0
79 silly idealTree │ └── semver@4.3.6
79 silly idealTree ├── gulplog@1.0.0
79 silly idealTree ├─┬ handlebars@4.0.10
79 silly idealTree │ └── async@1.5.2
79 silly idealTree ├── has-ansi@2.0.0
79 silly idealTree ├── has-flag@1.0.0
79 silly idealTree ├── has-gulplog@0.1.0
79 silly idealTree ├── homedir-polyfill@1.0.1
79 silly idealTree ├── hooks-fixed@2.0.0
79 silly idealTree ├── http-errors@1.6.1
79 silly idealTree ├── iconv-lite@0.4.15
79 silly idealTree ├── ignore-by-default@1.0.1
79 silly idealTree ├── imurmurhash@0.1.4
79 silly idealTree ├── infinity-agent@2.0.3
79 silly idealTree ├── inflight@1.0.6
79 silly idealTree ├── inherits@2.0.3
79 silly idealTree ├── ini@1.3.4
79 silly idealTree ├── interpret@1.0.3
79 silly idealTree ├── ipaddr.js@1.3.0
79 silly idealTree ├── is-absolute@0.2.6
79 silly idealTree ├── is-binary-path@1.0.1
79 silly idealTree ├── is-buffer@1.1.5
79 silly idealTree ├── is-dotfile@1.0.3
79 silly idealTree ├── is-equal-shallow@0.1.3
79 silly idealTree ├── is-extendable@0.1.1
79 silly idealTree ├── is-extglob@1.0.0
79 silly idealTree ├── is-finite@1.0.2
79 silly idealTree ├── is-glob@2.0.1
79 silly idealTree ├── is-npm@1.0.0
79 silly idealTree ├── is-number@2.1.0
79 silly idealTree ├─┬ is-plain-object@2.0.3
79 silly idealTree │ └── isobject@3.0.1
79 silly idealTree ├── is-posix-bracket@0.1.1
79 silly idealTree ├── is-primitive@2.0.0
79 silly idealTree ├── is-redirect@1.0.0
79 silly idealTree ├── is-relative@0.2.1
79 silly idealTree ├── is-stream@1.1.0
79 silly idealTree ├── is-unc-path@0.1.2
79 silly idealTree ├── is-utf8@0.2.1
79 silly idealTree ├── is-windows@0.2.0
79 silly idealTree ├── isarray@1.0.0
79 silly idealTree ├── isexe@2.0.0
79 silly idealTree ├── isobject@2.1.0
79 silly idealTree ├── json3@3.3.2
79 silly idealTree ├── kareem@1.4.1
79 silly idealTree ├── kind-of@3.2.2
79 silly idealTree ├── latest-version@1.0.1
79 silly idealTree ├── lazy-cache@1.0.4
79 silly idealTree ├── liftoff@2.3.0
79 silly idealTree ├── livereload-js@2.2.2
79 silly idealTree ├── lodash._baseassign@3.2.0
79 silly idealTree ├── lodash._basecopy@3.0.1
79 silly idealTree ├── lodash._basecreate@3.0.3
79 silly idealTree ├── lodash._basetostring@3.0.1
79 silly idealTree ├── lodash._basevalues@3.0.0
79 silly idealTree ├── lodash._bindcallback@3.0.1
79 silly idealTree ├── lodash._createassigner@3.1.1
79 silly idealTree ├── lodash._getnative@3.9.1
79 silly idealTree ├── lodash._isiterateecall@3.0.9
79 silly idealTree ├── lodash._reescape@3.0.0
79 silly idealTree ├── lodash._reevaluate@3.0.0
79 silly idealTree ├── lodash._reinterpolate@3.0.0
79 silly idealTree ├── lodash._root@3.0.1
79 silly idealTree ├── lodash.assign@3.2.0
79 silly idealTree ├── lodash.create@3.1.1
79 silly idealTree ├── lodash.defaults@3.1.2
79 silly idealTree ├── lodash.escape@3.2.0
79 silly idealTree ├── lodash.isarguments@3.1.0
79 silly idealTree ├── lodash.isarray@3.0.4
79 silly idealTree ├── lodash.isplainobject@4.0.6
79 silly idealTree ├── lodash.isstring@4.0.1
79 silly idealTree ├── lodash.keys@3.1.2
79 silly idealTree ├── lodash.mapvalues@4.6.0
79 silly idealTree ├── lodash.restparam@3.6.1
79 silly idealTree ├── lodash.template@3.6.2
79 silly idealTree ├── lodash.templatesettings@3.1.1
79 silly idealTree ├── lodash@4.17.4
79 silly idealTree ├── longest@1.0.1
79 silly idealTree ├── lowercase-keys@1.0.0
79 silly idealTree ├── lru-cache@2.7.3
79 silly idealTree ├── map-cache@0.2.2
79 silly idealTree ├── map-stream@0.1.0
79 silly idealTree ├── media-typer@0.3.0
79 silly idealTree ├── merge-descriptors@1.0.1
79 silly idealTree ├─┬ method-override@2.3.9
79 silly idealTree │ └── debug@2.6.8
79 silly idealTree ├── methods@1.1.2
79 silly idealTree ├── micromatch@2.3.11
79 silly idealTree ├── mime-db@1.27.0
79 silly idealTree ├── mime-types@2.1.15
79 silly idealTree ├── mime@1.3.4
79 silly idealTree ├─┬ mini-lr@0.1.9
79 silly idealTree │ ├─┬ body-parser@1.14.2
79 silly idealTree │ │ ├── debug@2.2.0
79 silly idealTree │ │ └── qs@5.2.0
79 silly idealTree │ ├── bytes@2.2.0
79 silly idealTree │ ├── http-errors@1.3.1
79 silly idealTree │ ├── iconv-lite@0.4.13
79 silly idealTree │ ├── ms@0.7.1
79 silly idealTree │ ├── qs@2.2.5
79 silly idealTree │ └─┬ raw-body@2.1.7
79 silly idealTree │   └── bytes@2.4.0
79 silly idealTree ├── minimatch@3.0.4
79 silly idealTree ├── minimist@0.0.10
79 silly idealTree ├─┬ mkdirp@0.5.1
79 silly idealTree │ └── minimist@0.0.8
79 silly idealTree ├─┬ mocha@3.4.2
79 silly idealTree │ ├── debug@2.6.0
79 silly idealTree │ ├── glob@7.1.1
79 silly idealTree │ ├── ms@0.7.2
79 silly idealTree │ └── supports-color@3.1.2
79 silly idealTree ├── mongodb-core@2.1.14
79 silly idealTree ├── mongodb@2.2.30
79 silly idealTree ├── mongoose-sequence@3.2.0
79 silly idealTree ├─┬ mongoose@4.11.1
79 silly idealTree │ ├── async@2.1.4
79 silly idealTree │ ├── mongodb-core@2.1.11
79 silly idealTree │ └── mongodb@2.2.27
79 silly idealTree ├─┬ morgan@1.8.2
79 silly idealTree │ └── debug@2.6.8
79 silly idealTree ├── mpath@0.3.0
79 silly idealTree ├── mpromise@0.5.5
79 silly idealTree ├─┬ mquery@2.3.1
79 silly idealTree │ ├── debug@2.6.8
79 silly idealTree │ └── sliced@0.0.5
79 silly idealTree ├── ms@2.0.0
79 silly idealTree ├── multipipe@0.1.2
79 silly idealTree ├── muri@1.2.1
79 silly idealTree ├── natives@1.1.0
79 silly idealTree ├── negotiator@0.6.1
79 silly idealTree ├── nested-error-stacks@1.0.2
79 silly idealTree ├── nodemon@1.11.0
79 silly idealTree ├── nopt@1.0.10
79 silly idealTree ├── normalize-path@2.1.1
79 silly idealTree ├── number-is-nan@1.0.1
79 silly idealTree ├─┬ nyc@10.3.2
79 silly idealTree │ ├── align-text@0.1.4
79 silly idealTree │ ├── amdefine@1.0.1
79 silly idealTree │ ├── ansi-regex@2.1.1
79 silly idealTree │ ├── ansi-styles@2.2.1
79 silly idealTree │ ├── append-transform@0.4.0
79 silly idealTree │ ├── archy@1.0.0
79 silly idealTree │ ├── arr-diff@2.0.0
79 silly idealTree │ ├── arr-flatten@1.0.3
79 silly idealTree │ ├── array-unique@0.2.1
79 silly idealTree │ ├── arrify@1.0.1
79 silly idealTree │ ├── async@1.5.2
79 silly idealTree │ ├── babel-code-frame@6.22.0
79 silly idealTree │ ├── babel-generator@6.24.1
79 silly idealTree │ ├── babel-messages@6.23.0
79 silly idealTree │ ├── babel-runtime@6.23.0
79 silly idealTree │ ├── babel-template@6.24.1
79 silly idealTree │ ├── babel-traverse@6.24.1
79 silly idealTree │ ├── babel-types@6.24.1
79 silly idealTree │ ├── babylon@6.17.0
79 silly idealTree │ ├── balanced-match@0.4.2
79 silly idealTree │ ├── brace-expansion@1.1.7
79 silly idealTree │ ├── braces@1.8.5
79 silly idealTree │ ├── builtin-modules@1.1.1
79 silly idealTree │ ├── caching-transform@1.0.1
79 silly idealTree │ ├── camelcase@1.2.1
79 silly idealTree │ ├── center-align@0.1.3
79 silly idealTree │ ├── chalk@1.1.3
79 silly idealTree │ ├─┬ cliui@2.1.0
79 silly idealTree │ │ └── wordwrap@0.0.2
79 silly idealTree │ ├── code-point-at@1.1.0
79 silly idealTree │ ├── commondir@1.0.1
79 silly idealTree │ ├── concat-map@0.0.1
79 silly idealTree │ ├── convert-source-map@1.5.0
79 silly idealTree │ ├── core-js@2.4.1
79 silly idealTree │ ├── cross-spawn@4.0.2
79 silly idealTree │ ├── debug-log@1.0.1
79 silly idealTree │ ├── debug@2.6.6
79 silly idealTree │ ├── decamelize@1.2.0
79 silly idealTree │ ├── default-require-extensions@1.0.0
79 silly idealTree │ ├── detect-indent@4.0.0
79 silly idealTree │ ├── error-ex@1.3.1
79 silly idealTree │ ├── escape-string-regexp@1.0.5
79 silly idealTree │ ├── esutils@2.0.2
79 silly idealTree │ ├── expand-brackets@0.1.5
79 silly idealTree │ ├── expand-range@1.8.2
79 silly idealTree │ ├── extglob@0.3.2
79 silly idealTree │ ├── filename-regex@2.0.1
79 silly idealTree │ ├── fill-range@2.2.3
79 silly idealTree │ ├── find-cache-dir@0.1.1
79 silly idealTree │ ├── find-up@1.1.2
79 silly idealTree │ ├── for-in@1.0.2
79 silly idealTree │ ├── for-own@0.1.5
79 silly idealTree │ ├── foreground-child@1.5.6
79 silly idealTree │ ├── fs.realpath@1.0.0
79 silly idealTree │ ├── get-caller-file@1.0.2
79 silly idealTree │ ├── glob-base@0.3.0
79 silly idealTree │ ├── glob-parent@2.0.0
79 silly idealTree │ ├── glob@7.1.1
79 silly idealTree │ ├── globals@9.17.0
79 silly idealTree │ ├── graceful-fs@4.1.11
79 silly idealTree │ ├─┬ handlebars@4.0.8
79 silly idealTree │ │ └── source-map@0.4.4
79 silly idealTree │ ├── has-ansi@2.0.0
79 silly idealTree │ ├── has-flag@1.0.0
79 silly idealTree │ ├── hosted-git-info@2.4.2
79 silly idealTree │ ├── imurmurhash@0.1.4
79 silly idealTree │ ├── inflight@1.0.6
79 silly idealTree │ ├── inherits@2.0.3
79 silly idealTree │ ├── invariant@2.2.2
79 silly idealTree │ ├── invert-kv@1.0.0
79 silly idealTree │ ├── is-arrayish@0.2.1
79 silly idealTree │ ├── is-buffer@1.1.5
79 silly idealTree │ ├── is-builtin-module@1.0.0
79 silly idealTree │ ├── is-dotfile@1.0.2
79 silly idealTree │ ├── is-equal-shallow@0.1.3
79 silly idealTree │ ├── is-extendable@0.1.1
79 silly idealTree │ ├── is-extglob@1.0.0
79 silly idealTree │ ├── is-finite@1.0.2
79 silly idealTree │ ├── is-fullwidth-code-point@1.0.0
79 silly idealTree │ ├── is-glob@2.0.1
79 silly idealTree │ ├── is-number@2.1.0
79 silly idealTree │ ├── is-posix-bracket@0.1.1
79 silly idealTree │ ├── is-primitive@2.0.0
79 silly idealTree │ ├── is-utf8@0.2.1
79 silly idealTree │ ├── isarray@1.0.0
79 silly idealTree │ ├── isexe@2.0.0
79 silly idealTree │ ├── isobject@2.1.0
79 silly idealTree │ ├── istanbul-lib-coverage@1.1.0
79 silly idealTree │ ├── istanbul-lib-hook@1.0.6
79 silly idealTree │ ├── istanbul-lib-instrument@1.7.1
79 silly idealTree │ ├─┬ istanbul-lib-report@1.1.0
79 silly idealTree │ │ └── supports-color@3.2.3
79 silly idealTree │ ├── istanbul-lib-source-maps@1.2.0
79 silly idealTree │ ├── istanbul-reports@1.1.0
79 silly idealTree │ ├── js-tokens@3.0.1
79 silly idealTree │ ├── jsesc@1.3.0
79 silly idealTree │ ├── kind-of@3.2.0
79 silly idealTree │ ├── lazy-cache@1.0.4
79 silly idealTree │ ├── lcid@1.0.0
79 silly idealTree │ ├── load-json-file@1.1.0
79 silly idealTree │ ├── lodash@4.17.4
79 silly idealTree │ ├── longest@1.0.1
79 silly idealTree │ ├── loose-envify@1.3.1
79 silly idealTree │ ├── lru-cache@4.0.2
79 silly idealTree │ ├── md5-hex@1.3.0
79 silly idealTree │ ├── md5-o-matic@0.1.1
79 silly idealTree │ ├── merge-source-map@1.0.3
79 silly idealTree │ ├── micromatch@2.3.11
79 silly idealTree │ ├── minimatch@3.0.3
79 silly idealTree │ ├── minimist@0.0.8
79 silly idealTree │ ├── mkdirp@0.5.1
79 silly idealTree │ ├── ms@0.7.3
79 silly idealTree │ ├── normalize-package-data@2.3.8
79 silly idealTree │ ├── normalize-path@2.1.1
79 silly idealTree │ ├── number-is-nan@1.0.1
79 silly idealTree │ ├── object-assign@4.1.1
79 silly idealTree │ ├── object.omit@2.0.1
79 silly idealTree │ ├── once@1.4.0
79 silly idealTree │ ├── optimist@0.6.1
79 silly idealTree │ ├── os-homedir@1.0.2
79 silly idealTree │ ├── os-locale@1.4.0
79 silly idealTree │ ├── parse-glob@3.0.4
79 silly idealTree │ ├── parse-json@2.2.0
79 silly idealTree │ ├── path-exists@2.1.0
79 silly idealTree │ ├── path-is-absolute@1.0.1
79 silly idealTree │ ├── path-parse@1.0.5
79 silly idealTree │ ├── path-type@1.1.0
79 silly idealTree │ ├── pify@2.3.0
79 silly idealTree │ ├── pinkie-promise@2.0.1
79 silly idealTree │ ├── pinkie@2.0.4
79 silly idealTree │ ├── pkg-dir@1.0.0
79 silly idealTree │ ├── preserve@0.2.0
79 silly idealTree │ ├── pseudomap@1.0.2
79 silly idealTree │ ├── randomatic@1.1.6
79 silly idealTree │ ├── read-pkg-up@1.0.1
79 silly idealTree │ ├── read-pkg@1.1.0
79 silly idealTree │ ├── regenerator-runtime@0.10.5
79 silly idealTree │ ├── regex-cache@0.4.3
79 silly idealTree │ ├── remove-trailing-separator@1.0.1
79 silly idealTree │ ├── repeat-element@1.1.2
79 silly idealTree │ ├── repeat-string@1.6.1
79 silly idealTree │ ├── repeating@2.0.1
79 silly idealTree │ ├── require-directory@2.1.1
79 silly idealTree │ ├── require-main-filename@1.0.1
79 silly idealTree │ ├── resolve-from@2.0.0
79 silly idealTree │ ├── right-align@0.1.3
79 silly idealTree │ ├── rimraf@2.6.1
79 silly idealTree │ ├── semver@5.3.0
79 silly idealTree │ ├── set-blocking@2.0.0
79 silly idealTree │ ├── signal-exit@3.0.2
79 silly idealTree │ ├── slide@1.1.6
79 silly idealTree │ ├── source-map@0.5.6
79 silly idealTree │ ├─┬ spawn-wrap@1.2.4
79 silly idealTree │ │ └── signal-exit@2.1.2
79 silly idealTree │ ├── spdx-correct@1.0.2
79 silly idealTree │ ├── spdx-expression-parse@1.0.4
79 silly idealTree │ ├── spdx-license-ids@1.2.2
79 silly idealTree │ ├── string-width@1.0.2
79 silly idealTree │ ├── strip-ansi@3.0.1
79 silly idealTree │ ├── strip-bom@2.0.0
79 silly idealTree │ ├── supports-color@2.0.0
79 silly idealTree │ ├── test-exclude@4.1.0
79 silly idealTree │ ├── to-fast-properties@1.0.3
79 silly idealTree │ ├── trim-right@1.0.1
79 silly idealTree │ ├─┬ uglify-js@2.8.22
79 silly idealTree │ │ └── yargs@3.10.0
79 silly idealTree │ ├── uglify-to-browserify@1.0.2
79 silly idealTree │ ├── validate-npm-package-license@3.0.1
79 silly idealTree │ ├── which-module@1.0.0
79 silly idealTree │ ├── which@1.2.14
79 silly idealTree │ ├── window-size@0.1.0
79 silly idealTree │ ├── wordwrap@0.0.3
79 silly idealTree │ ├── wrap-ansi@2.1.0
79 silly idealTree │ ├── wrappy@1.0.2
79 silly idealTree │ ├── write-file-atomic@1.3.4
79 silly idealTree │ ├── y18n@3.2.1
79 silly idealTree │ ├── yallist@2.1.2
79 silly idealTree │ ├─┬ yargs-parser@5.0.0
79 silly idealTree │ │ └── camelcase@3.0.0
79 silly idealTree │ └─┬ yargs@7.1.0
79 silly idealTree │   ├── camelcase@3.0.0
79 silly idealTree │   └── cliui@3.2.0
79 silly idealTree ├── object-assign@3.0.0
79 silly idealTree ├── object-keys@1.0.11
79 silly idealTree ├── object.assign@4.0.4
79 silly idealTree ├─┬ object.defaults@1.1.0
79 silly idealTree │ ├── for-own@1.0.0
79 silly idealTree │ └── isobject@3.0.1
79 silly idealTree ├── object.omit@2.0.1
79 silly idealTree ├── object.pick@1.2.0
79 silly idealTree ├── on-finished@2.3.0
79 silly idealTree ├── on-headers@1.0.1
79 silly idealTree ├── once@1.4.0
79 silly idealTree ├── optimist@0.6.1
79 silly idealTree ├── orchestrator@0.3.8
79 silly idealTree ├── ordered-read-streams@0.1.0
79 silly idealTree ├── os-homedir@1.0.2
79 silly idealTree ├── os-tmpdir@1.0.2
79 silly idealTree ├── osenv@0.1.4
79 silly idealTree ├── package-json@1.2.0
79 silly idealTree ├── parse-filepath@1.0.1
79 silly idealTree ├── parse-glob@3.0.4
79 silly idealTree ├── parse-passwd@1.0.0
79 silly idealTree ├── parseurl@1.3.1
79 silly idealTree ├── passport-local@1.0.0
79 silly idealTree ├── passport-strategy@1.0.0
79 silly idealTree ├── passport.socketio@3.7.0
79 silly idealTree ├── passport@0.3.2
79 silly idealTree ├── path-is-absolute@1.0.1
79 silly idealTree ├── path-parse@1.0.5
79 silly idealTree ├── path-root-regex@0.1.2
79 silly idealTree ├── path-root@0.1.1
79 silly idealTree ├── path-to-regexp@0.1.7
79 silly idealTree ├── pause-stream@0.0.11
79 silly idealTree ├── pause@0.0.1
79 silly idealTree ├── pinkie-promise@2.0.1
79 silly idealTree ├── pinkie@2.0.4
79 silly idealTree ├── prepend-http@1.0.4
79 silly idealTree ├── preserve@0.2.0
79 silly idealTree ├── pretty-hrtime@1.0.3
79 silly idealTree ├── process-nextick-args@1.0.7
79 silly idealTree ├── promise@7.1.1
79 silly idealTree ├── proxy-addr@1.1.4
79 silly idealTree ├── ps-tree@1.1.0
79 silly idealTree ├── qs@6.4.0
79 silly idealTree ├── random-bytes@1.0.0
79 silly idealTree ├─┬ randomatic@1.1.7
79 silly idealTree │ ├─┬ is-number@3.0.0
79 silly idealTree │ │ └── kind-of@3.2.2
79 silly idealTree │ └── kind-of@4.0.0
79 silly idealTree ├── range-parser@1.2.0
79 silly idealTree ├── raw-body@2.2.0
79 silly idealTree ├─┬ rc@1.2.1
79 silly idealTree │ └── minimist@1.2.0
79 silly idealTree ├── read-all-stream@3.1.0
79 silly idealTree ├── readable-stream@2.2.7
79 silly idealTree ├── readdirp@2.1.0
79 silly idealTree ├── rechoir@0.6.2
79 silly idealTree ├── redis-commands@1.3.1
79 silly idealTree ├── redis-parser@2.6.0
79 silly idealTree ├── redis@2.7.1
79 silly idealTree ├── regex-cache@0.4.3
79 silly idealTree ├── regexp-clone@0.0.1
79 silly idealTree ├── registry-url@3.1.0
79 silly idealTree ├── remove-trailing-separator@1.0.2
79 silly idealTree ├── repeat-element@1.1.2
79 silly idealTree ├── repeat-string@1.6.1
79 silly idealTree ├── repeating@1.1.3
79 silly idealTree ├── replace-ext@0.0.1
79 silly idealTree ├── require_optional@1.0.1
79 silly idealTree ├── resolve-dir@0.1.1
79 silly idealTree ├── resolve-from@2.0.0
79 silly idealTree ├── resolve@1.3.3
79 silly idealTree ├── right-align@0.1.3
79 silly idealTree ├── safe-buffer@5.0.1
79 silly idealTree ├── semver-diff@2.1.0
79 silly idealTree ├── semver@5.3.0
79 silly idealTree ├── send@0.15.3
79 silly idealTree ├── sequencify@0.0.7
79 silly idealTree ├── serve-favicon@2.4.3
79 silly idealTree ├── serve-static@1.12.3
79 silly idealTree ├── set-immediate-shim@1.0.1
79 silly idealTree ├── setprototypeof@1.0.3
79 silly idealTree ├── should-equal@1.0.1
79 silly idealTree ├── should-format@3.0.3
79 silly idealTree ├── should-type-adaptors@1.0.1
79 silly idealTree ├── should-type@1.4.0
79 silly idealTree ├── should-util@1.0.0
79 silly idealTree ├── should@11.2.1
79 silly idealTree ├── sigmund@1.0.1
79 silly idealTree ├── sliced@1.0.1
79 silly idealTree ├── slide@1.1.6
79 silly idealTree ├── source-map@0.4.4
79 silly idealTree ├── sparkles@1.0.0
79 silly idealTree ├── split@0.3.3
79 silly idealTree ├── statuses@1.3.1
79 silly idealTree ├── stream-combiner@0.0.4
79 silly idealTree ├── stream-consume@0.1.0
79 silly idealTree ├── stream-shift@1.0.0
79 silly idealTree ├── string_decoder@1.0.2
79 silly idealTree ├── string-length@1.0.1
79 silly idealTree ├── strip-ansi@3.0.1
79 silly idealTree ├── strip-bom@1.0.0
79 silly idealTree ├── strip-json-comments@2.0.1
79 silly idealTree ├── superagent@2.3.0
79 silly idealTree ├── supertest@2.0.1
79 silly idealTree ├── supports-color@2.0.0
79 silly idealTree ├── through@2.3.8
79 silly idealTree ├── through2@2.0.3
79 silly idealTree ├── tildify@1.2.0
79 silly idealTree ├── time-stamp@1.1.0
79 silly idealTree ├── timed-out@2.0.0
79 silly idealTree ├── touch@1.0.0
79 silly idealTree ├── type-detect@1.0.0
79 silly idealTree ├── type-is@1.6.15
79 silly idealTree ├─┬ uglify-js@2.8.28
79 silly idealTree │ └── source-map@0.5.6
79 silly idealTree ├── uglify-to-browserify@1.0.2
79 silly idealTree ├── uid-safe@2.1.4
79 silly idealTree ├── unc-path-regex@0.1.2
79 silly idealTree ├── undefsafe@0.0.3
79 silly idealTree ├── unique-stream@1.0.0
79 silly idealTree ├── unpipe@1.0.0
79 silly idealTree ├── update-notifier@0.5.0
79 silly idealTree ├── user-home@1.1.1
79 silly idealTree ├── util-deprecate@1.0.2
79 silly idealTree ├── utils-merge@1.0.0
79 silly idealTree ├── uuid@2.0.3
79 silly idealTree ├── v8flags@2.1.1
79 silly idealTree ├── vary@1.1.1
79 silly idealTree ├─┬ vinyl-fs@0.3.14
79 silly idealTree │ ├── clone@0.2.0
79 silly idealTree │ ├── graceful-fs@3.0.11
79 silly idealTree │ ├── isarray@0.0.1
79 silly idealTree │ ├── readable-stream@1.0.34
79 silly idealTree │ ├── string_decoder@0.10.31
79 silly idealTree │ ├── through2@0.6.5
79 silly idealTree │ └── vinyl@0.4.6
79 silly idealTree ├── vinyl@0.5.3
79 silly idealTree ├── websocket-driver@0.6.5
79 silly idealTree ├── websocket-extensions@0.1.1
79 silly idealTree ├── which@1.2.14
79 silly idealTree ├── window-size@0.1.0
79 silly idealTree ├── wordwrap@0.0.3
79 silly idealTree ├── wrappy@1.0.2
79 silly idealTree ├── write-file-atomic@1.3.4
79 silly idealTree ├── xdg-basedir@2.0.0
79 silly idealTree ├── xtend@4.0.1
79 silly idealTree └── yargs@3.10.0
80 silly generateActionsToTake Starting
81 silly install generateActionsToTake
82 silly rollbackFailedOptional Starting
83 silly rollbackFailedOptional Finishing
84 silly runTopLevelLifecycles Starting
85 silly runTopLevelLifecycles Finishing
86 silly install printInstalled
87 warn optional Skipping failed optional dependency /chokidar/fsevents:
88 warn notsup Not compatible with your operating system or architecture: fsevents@1.1.2
89 verbose stack Error: Appears to be a git repo or submodule.
89 verbose stack     at /usr/share/npm/node_modules/npm-install-checks/index.js:138:15
89 verbose stack     at FSReqWrap.oncomplete (fs.js:82:15)
90 verbose cwd /home/moar/exxon_quiz
91 error Linux 4.4.0-83-generic
92 error argv "/usr/bin/nodejs" "/usr/bin/npm" "install" "passport.socketio"
93 error node v4.2.6
94 error npm  v3.5.2
95 error path /home/moar/exxon_quiz/node_modules/connect-mongodb-session
96 error code EISGIT
97 error git Appears to be a git repo or submodule.
98 error git /home/moar/exxon_quiz/node_modules/connect-mongodb-session
99 error git Refusing to remove it. Update manually,
99 error git or move it out of the way first.
100 verbose exit [ 1, true ]
